2025-09-05 18:06:39.796: [INFO] VisibilityChanged: 0
2025-09-05 18:06:39.867: [INFO] RecordSyncInitDuration has_sync_been_enabled: 0 state: 0
2025-09-05 18:06:39.869: [INFO] RecordSyncInitDuration has_sync_been_enabled: 0 state: 0
2025-09-05 18:06:39.869: [INFO] RecordSyncInitDuration has_sync_been_enabled: 0 state: 0
2025-09-05 18:06:39.871: [INFO] RecordSyncInitDuration has_sync_been_enabled: 0 state: 0
2025-09-05 18:06:39.872: [INFO] RecordSyncInitDuration has_sync_been_enabled: 0 state: 0
2025-09-05 18:06:39.873: [INFO] RecordSyncInitDuration has_sync_been_enabled: 0 state: 0
2025-09-05 18:06:39.874: [INFO] RecordSyncInitDuration has_sync_been_enabled: 0 state: 0
2025-09-05 18:06:39.875: [INFO] RecordSyncInitDuration has_sync_been_enabled: 0 state: 0
2025-09-05 18:06:39.876: [INFO] RecordSyncInitDuration has_sync_been_enabled: 0 state: 0
2025-09-05 18:06:39.878: [INFO] RecordSyncInitDuration has_sync_been_enabled: 0 state: 0
2025-09-05 18:06:39.879: [INFO] RecordSyncInitDuration has_sync_been_enabled: 0 state: 0
2025-09-05 18:06:39.892: [INFO] BookmarkModelLoaded, ids_reassigned: 0
2025-09-05 18:06:39.892: [INFO] OnDoneLoading sync enabled: 0
2025-09-05 18:06:41.746: [INFO] RecordSyncInitDuration has_sync_been_enabled: 0 state: 3
2025-09-05 18:06:42.700: [INFO] Primary account changed.
2025-09-05 18:06:42.700: [INFO] OnPrimaryAccountChanged PrimaryAccountChangeEvent::Type::kSet
2025-09-05 18:06:42.804: [INFO] RecordSyncInitDuration has_sync_been_enabled: 0 state: 3
2025-09-05 18:06:46.690: [INFO] RecordSyncInitDuration has_sync_been_enabled: 0 state: 3
2025-09-05 18:08:09.817: [INFO] BookmarkNodeAdded, ABU: 0
2025-09-05 18:08:09.818: [INFO] BookmarkNodeAdded, ABU: 0
2025-09-05 18:08:09.818: [INFO] BookmarkNodeAdded, ABU: 0
2025-09-05 18:08:09.819: [INFO] BookmarkNodeAdded, ABU: 0
2025-09-05 18:08:09.819: [INFO] BookmarkNodeAdded, ABU: 0
2025-09-05 18:08:09.819: [INFO] BookmarkNodeAdded, ABU: 0
2025-09-05 18:08:09.820: [INFO] BookmarkNodeAdded, ABU: 0
2025-09-05 18:08:13.188: [INFO] Sync initialization duration: 84982ms
2025-09-09 09:53:17.646: [INFO] VisibilityChanged: 0
2025-09-09 09:53:18.126: [INFO] BookmarkModelLoaded, ids_reassigned: 0
2025-09-09 09:53:18.126: [INFO] OnDoneLoading sync enabled: 1
2025-09-09 13:27:29.751: [INFO] VisibilityChanged: 0
2025-09-09 13:27:29.840: [INFO] BookmarkModelLoaded, ids_reassigned: 0
2025-09-09 13:27:29.840: [INFO] OnDoneLoading sync enabled: 1
2025-09-11 16:19:20.741: [INFO] VisibilityChanged: 0
2025-09-11 16:19:20.802: [INFO] BookmarkModelLoaded, ids_reassigned: 0
2025-09-11 16:19:20.802: [INFO] OnDoneLoading sync enabled: 1
2025-09-11 16:19:51.753: [INFO] Sync initialization duration: 19834ms
2025-09-11 16:54:32.206: [INFO] VisibilityChanged: 0
2025-09-11 16:54:32.267: [INFO] BookmarkModelLoaded, ids_reassigned: 0
2025-09-11 16:54:32.267: [INFO] OnDoneLoading sync enabled: 1
2025-09-11 16:55:04.576: [INFO] Sync initialization duration: 22389ms
2025-09-11 17:41:55.391: [INFO] VisibilityChanged: 1
2025-09-11 17:42:02.232: [INFO] VisibilityChanged: 0
2025-09-11 17:43:34.329: [INFO] VisibilityChanged: 1
2025-09-11 17:43:41.049: [INFO] VisibilityChanged: 0
2025-09-18 16:15:15.657: [INFO] VisibilityChanged: 0
2025-09-18 16:15:15.734: [INFO] BookmarkModelLoaded, ids_reassigned: 0
2025-09-18 16:15:15.734: [INFO] OnDoneLoading sync enabled: 1
2025-09-18 16:17:02.513: [INFO] Sync initialization duration: 66890ms
2025-09-18 21:32:54.053: [INFO] VisibilityChanged: 0
2025-09-18 21:32:56.545: [INFO] BookmarkModelLoaded, ids_reassigned: 0
2025-09-18 21:32:56.545: [INFO] OnDoneLoading sync enabled: 1
2025-09-18 21:48:01.151: [INFO] VisibilityChanged: 0
2025-09-18 21:48:01.216: [INFO] BookmarkModelLoaded, ids_reassigned: 0
2025-09-18 21:48:01.216: [INFO] OnDoneLoading sync enabled: 1
2025-09-23 11:05:44.549: [INFO] VisibilityChanged: 0
2025-09-23 11:05:44.869: [INFO] BookmarkModelLoaded, ids_reassigned: 0
2025-09-23 11:05:44.869: [INFO] OnDoneLoading sync enabled: 1
2025-09-23 11:06:33.357: [INFO] Sync initialization duration: 38219ms
2025-09-23 11:19:06.689: [INFO] VisibilityChanged: 0
2025-09-23 11:19:06.774: [INFO] BookmarkModelLoaded, ids_reassigned: 0
2025-09-23 11:19:06.774: [INFO] OnDoneLoading sync enabled: 1
2025-09-23 11:19:50.953: [INFO] Sync initialization duration: 34344ms
2025-09-23 15:50:05.655: [INFO] VisibilityChanged: 0
2025-09-23 15:50:05.730: [INFO] BookmarkModelLoaded, ids_reassigned: 0
2025-09-23 15:50:05.730: [INFO] OnDoneLoading sync enabled: 1
2025-09-23 15:50:26.582: [INFO] Sync initialization duration: 10991ms
2025-09-23 17:45:03.927: [INFO] VisibilityChanged: 0
2025-09-23 17:45:04.004: [INFO] BookmarkModelLoaded, ids_reassigned: 0
2025-09-23 17:45:04.004: [INFO] OnDoneLoading sync enabled: 1
2025-09-23 17:46:01.124: [INFO] Sync initialization duration: 47132ms
