{"logTime": "0911/165516", "correlationVector":"wJu1EYBwJjGeXFSdW0MRzE.2","action":"Commit Response", "result":"Success", "context":Result: Success. cV=wJu1EYBwJjGeXFSdW0MRzE.0;server=akswtt103000013;cloudType=Consumer;environment=Prod_francecentral_prod-s01-062-eur-francecentral;migrationStage=NotStarted}
{"logTime": "0911/165516", "correlationVector":"wJu1EYBwJjGeXFSdW0MRzE.3","action":"Commit.Sessions", "result":"Success", "context":{"id":"1aa210e0-62e5-4d61-a179-5aa0cb6443a6", "isDeleted":"true", "size":"0", "version":"1757607815100"}}
{"logTime": "0911/165516", "correlationVector":"ExMFJpNlQeZ3hof3r5c7xu","action":"Normal GetUpdate request", "result":"", "context":cV=ExMFJpNlQeZ3hof3r5c7xu
Nudged types: Preferences, Sessions, Device Info, History}
{"logTime": "0911/165518", "correlationVector":"ExMFJpNlQeZ3hof3r5c7xu.1","action":"SyncServerConnectionManagerRequest", "result":"SYNC_SERVER_OK", "context":{"environment":"Prod_francecentral_prod-s01-062-eur-francecentral", "migrationStage":"NotStarted", "server":"akswtt10300000g"}}
{"logTime": "0911/165518", "correlationVector":"ExMFJpNlQeZ3hof3r5c7xu.2","action":"ProcessGetUpdates", "result":"Done", "context":{"dataType":"Preferences", "deleted":"0", "process_failed_to_decrypt":"0", "process_pending_decryption":"0", "process_success":"1", "total":"1"}}
{"logTime": "0911/165518", "correlationVector":"ExMFJpNlQeZ3hof3r5c7xu.3","action":"ProcessGetUpdates", "result":"Done", "context":{"dataType":"Sessions", "deleted":"1", "process_failed_to_decrypt":"0", "process_pending_decryption":"0", "process_success":"3", "total":"3"}}
{"logTime": "0911/165518", "correlationVector":"ExMFJpNlQeZ3hof3r5c7xu.4","action":"ProcessGetUpdates", "result":"Done", "context":{"dataType":"Device Info", "deleted":"0", "process_failed_to_decrypt":"0", "process_pending_decryption":"0", "process_success":"1", "total":"1"}}
{"logTime": "0911/165518", "correlationVector":"ExMFJpNlQeZ3hof3r5c7xu.5","action":"ProcessGetUpdates", "result":"Done", "context":{"dataType":"History", "deleted":"0", "process_failed_to_decrypt":"0", "process_pending_decryption":"0", "process_success":"3", "total":"3"}}
{"logTime": "0911/165518", "correlationVector":"ExMFJpNlQeZ3hof3r5c7xu.6","action":"GetUpdates Response", "result":"Success", "context":Received 8 update(s). cV=ExMFJpNlQeZ3hof3r5c7xu.0;server=akswtt10300000g;cloudType=Consumer;environment=Prod_francecentral_prod-s01-062-eur-francecentral;migrationStage=NotStarted}
{"logTime": "0911/170156", "correlationVector":"udlhQtqKSlu8gjrsAyk/Lk","action":"Normal GetUpdate request", "result":"", "context":cV=udlhQtqKSlu8gjrsAyk/Lk
Nudged types: Sessions, History}
{"logTime": "0911/170156", "correlationVector":"udlhQtqKSlu8gjrsAyk/Lk.1","action":"SyncServerConnectionManagerRequest", "result":"SYNC_SERVER_OK", "context":{"environment":"Prod_francecentral_prod-s01-062-eur-francecentral", "migrationStage":"NotStarted", "server":"akswtt10300000k"}}
{"logTime": "0911/170156", "correlationVector":"udlhQtqKSlu8gjrsAyk/Lk.2","action":"GetUpdates Response", "result":"Success", "context":Received 0 update(s). cV=udlhQtqKSlu8gjrsAyk/Lk.0;server=akswtt10300000k;cloudType=Consumer;environment=Prod_francecentral_prod-s01-062-eur-francecentral;migrationStage=NotStarted}
{"logTime": "0911/170156", "correlationVector":"QHG0yzs38uM/Hn9o/7Ohtp","action":"Commit Request", "result":"", "context":Item count: 5
Contributing types: Sessions, History}
{"logTime": "0911/170158", "correlationVector":"QHG0yzs38uM/Hn9o/7Ohtp.1","action":"SyncServerConnectionManagerRequest", "result":"SYNC_SERVER_OK", "context":{"environment":"Prod_francecentral_prod-s01-062-eur-francecentral", "migrationStage":"NotStarted", "server":"akswtt10300000z"}}
{"logTime": "0911/170158", "correlationVector":"QHG0yzs38uM/Hn9o/7Ohtp.2","action":"Commit Response", "result":"Success", "context":Result: Success. cV=QHG0yzs38uM/Hn9o/7Ohtp.0;server=akswtt10300000z;cloudType=Consumer;environment=Prod_francecentral_prod-s01-062-eur-francecentral;migrationStage=NotStarted}
{"logTime": "0911/170258", "correlationVector":"V5P6tR0Hb+sUHHPFiD1fTb","action":"Normal GetUpdate request", "result":"", "context":cV=V5P6tR0Hb+sUHHPFiD1fTb
Nudged types: Sessions, History}
{"logTime": "0911/170258", "correlationVector":"V5P6tR0Hb+sUHHPFiD1fTb.1","action":"SyncServerConnectionManagerRequest", "result":"SYNC_SERVER_OK", "context":{"environment":"Prod_francecentral_prod-s01-062-eur-francecentral", "migrationStage":"NotStarted", "server":"akswtt10300000m"}}
{"logTime": "0911/170258", "correlationVector":"V5P6tR0Hb+sUHHPFiD1fTb.2","action":"ProcessGetUpdates", "result":"Done", "context":{"dataType":"Sessions", "deleted":"0", "process_failed_to_decrypt":"0", "process_pending_decryption":"0", "process_success":"1", "total":"1"}}
{"logTime": "0911/170258", "correlationVector":"V5P6tR0Hb+sUHHPFiD1fTb.3","action":"ProcessGetUpdates", "result":"Done", "context":{"dataType":"History", "deleted":"0", "process_failed_to_decrypt":"0", "process_pending_decryption":"0", "process_success":"4", "total":"4"}}
{"logTime": "0911/170258", "correlationVector":"V5P6tR0Hb+sUHHPFiD1fTb.4","action":"GetUpdates Response", "result":"Success", "context":Received 5 update(s). cV=V5P6tR0Hb+sUHHPFiD1fTb.0;server=akswtt10300000m;cloudType=Consumer;environment=Prod_francecentral_prod-s01-062-eur-francecentral;migrationStage=NotStarted}
{"logTime": "0911/170613", "correlationVector":"6dleX0Pv+I94ZXKAZ86wR5","action":"Normal GetUpdate request", "result":"", "context":cV=6dleX0Pv+I94ZXKAZ86wR5
Nudged types: Sessions}
{"logTime": "0911/170615", "correlationVector":"6dleX0Pv+I94ZXKAZ86wR5.1","action":"SyncServerConnectionManagerRequest", "result":"SYNC_SERVER_OK", "context":{"environment":"Prod_francecentral_prod-s01-062-eur-francecentral", "migrationStage":"NotStarted", "server":"akswtt103000001"}}
{"logTime": "0911/170615", "correlationVector":"6dleX0Pv+I94ZXKAZ86wR5.2","action":"GetUpdates Response", "result":"Success", "context":Received 0 update(s). cV=6dleX0Pv+I94ZXKAZ86wR5.0;server=akswtt103000001;cloudType=Consumer;environment=Prod_francecentral_prod-s01-062-eur-francecentral;migrationStage=NotStarted}
{"logTime": "0911/170615", "correlationVector":"xkkJve3RoQ9WUcTbVN8KZz","action":"Commit Request", "result":"", "context":Item count: 1
Contributing types: Sessions}
{"logTime": "0911/170616", "correlationVector":"xkkJve3RoQ9WUcTbVN8KZz.1","action":"SyncServerConnectionManagerRequest", "result":"SYNC_SERVER_OK", "context":{"environment":"Prod_francecentral_prod-s01-062-eur-francecentral", "migrationStage":"NotStarted", "server":"akswtt10300000m"}}
{"logTime": "0911/170616", "correlationVector":"xkkJve3RoQ9WUcTbVN8KZz.2","action":"Commit Response", "result":"Success", "context":Result: Success. cV=xkkJve3RoQ9WUcTbVN8KZz.0;server=akswtt10300000m;cloudType=Consumer;environment=Prod_francecentral_prod-s01-062-eur-francecentral;migrationStage=NotStarted}
{"logTime": "0911/170716", "correlationVector":"c3APX3pGoMPAP0VH0XFMZ4","action":"Normal GetUpdate request", "result":"", "context":cV=c3APX3pGoMPAP0VH0XFMZ4
Nudged types: Sessions}
{"logTime": "0911/170716", "correlationVector":"c3APX3pGoMPAP0VH0XFMZ4.1","action":"SyncServerConnectionManagerRequest", "result":"SYNC_SERVER_OK", "context":{"environment":"Prod_francecentral_prod-s01-062-eur-francecentral", "migrationStage":"NotStarted", "server":"akswtt10300000v"}}
{"logTime": "0911/170716", "correlationVector":"c3APX3pGoMPAP0VH0XFMZ4.2","action":"ProcessGetUpdates", "result":"Done", "context":{"dataType":"Sessions", "deleted":"0", "process_failed_to_decrypt":"0", "process_pending_decryption":"0", "process_success":"1", "total":"1"}}
{"logTime": "0911/170716", "correlationVector":"c3APX3pGoMPAP0VH0XFMZ4.3","action":"GetUpdates Response", "result":"Success", "context":Received 1 update(s). cV=c3APX3pGoMPAP0VH0XFMZ4.0;server=akswtt10300000v;cloudType=Consumer;environment=Prod_francecentral_prod-s01-062-eur-francecentral;migrationStage=NotStarted}
{"logTime": "0911/171820", "correlationVector":"on8dpys2k1r3qyW4MBFpE6","action":"Normal GetUpdate request", "result":"", "context":cV=on8dpys2k1r3qyW4MBFpE6
Nudged types: Sessions}
{"logTime": "0911/171827", "correlationVector":"on8dpys2k1r3qyW4MBFpE6.1","action":"SyncServerConnectionManagerRequest", "result":"SYNC_SERVER_OK", "context":{"environment":"Prod_westeurope_prod-s01-079-eur-westeurope", "migrationStage":"NotStarted", "server":"akswtt103000002"}}
{"logTime": "0911/171827", "correlationVector":"on8dpys2k1r3qyW4MBFpE6.2","action":"GetUpdates Response", "result":"Success", "context":Received 0 update(s). cV=on8dpys2k1r3qyW4MBFpE6.0;server=akswtt103000002;cloudType=Consumer;environment=Prod_westeurope_prod-s01-079-eur-westeurope;migrationStage=NotStarted}
{"logTime": "0911/171827", "correlationVector":"sY3slytBSfZ6eb+3sR2xNh","action":"Commit Request", "result":"", "context":Item count: 2
Contributing types: Autofill Profiles, Sessions}
{"logTime": "0911/171828", "correlationVector":"sY3slytBSfZ6eb+3sR2xNh.1","action":"SyncServerConnectionManagerRequest", "result":"SYNC_SERVER_OK", "context":{"environment":"Prod_westeurope_prod-s01-079-eur-westeurope", "migrationStage":"NotStarted", "server":"akswtt103000016"}}
{"logTime": "0911/171828", "correlationVector":"sY3slytBSfZ6eb+3sR2xNh.2","action":"Commit Response", "result":"Success", "context":Result: Success. cV=sY3slytBSfZ6eb+3sR2xNh.0;server=akswtt103000016;cloudType=Consumer;environment=Prod_westeurope_prod-s01-079-eur-westeurope;migrationStage=NotStarted}
{"logTime": "0911/171828", "correlationVector":"9XrsPrBBn0caDNwPE1zfsI","action":"Normal GetUpdate request", "result":"", "context":cV=9XrsPrBBn0caDNwPE1zfsI
Nudged types: Autofill Profiles, Sessions}
{"logTime": "0911/171829", "correlationVector":"9XrsPrBBn0caDNwPE1zfsI.1","action":"SyncServerConnectionManagerRequest", "result":"SYNC_SERVER_OK", "context":{"environment":"Prod_westeurope_prod-s01-079-eur-westeurope", "migrationStage":"NotStarted", "server":"akswtt10300000j"}}
{"logTime": "0911/171829", "correlationVector":"9XrsPrBBn0caDNwPE1zfsI.2","action":"ProcessGetUpdates", "result":"Done", "context":{"dataType":"Autofill Profiles", "deleted":"0", "process_failed_to_decrypt":"0", "process_pending_decryption":"0", "process_success":"1", "total":"1"}}
{"logTime": "0911/171829", "correlationVector":"9XrsPrBBn0caDNwPE1zfsI.3","action":"ProcessGetUpdates", "result":"Done", "context":{"dataType":"Sessions", "deleted":"0", "process_failed_to_decrypt":"0", "process_pending_decryption":"0", "process_success":"1", "total":"1"}}
{"logTime": "0911/171829", "correlationVector":"9XrsPrBBn0caDNwPE1zfsI.4","action":"GetUpdates Response", "result":"Success", "context":Received 2 update(s). cV=9XrsPrBBn0caDNwPE1zfsI.0;server=akswtt10300000j;cloudType=Consumer;environment=Prod_westeurope_prod-s01-079-eur-westeurope;migrationStage=NotStarted}
{"logTime": "0911/171833", "correlationVector":"d7qtwXnAVjpAqQbu/32OtV","action":"Normal GetUpdate request", "result":"", "context":cV=d7qtwXnAVjpAqQbu/32OtV
Nudged types: Autofill Profiles}
{"logTime": "0911/171834", "correlationVector":"d7qtwXnAVjpAqQbu/32OtV.1","action":"SyncServerConnectionManagerRequest", "result":"SYNC_SERVER_OK", "context":{"environment":"Prod_francecentral_prod-s01-062-eur-francecentral", "migrationStage":"NotStarted", "server":"akswtt10300001c"}}
{"logTime": "0911/171834", "correlationVector":"d7qtwXnAVjpAqQbu/32OtV.2","action":"GetUpdates Response", "result":"Success", "context":Received 0 update(s). cV=d7qtwXnAVjpAqQbu/32OtV.0;server=akswtt10300001c;cloudType=Consumer;environment=Prod_francecentral_prod-s01-062-eur-francecentral;migrationStage=NotStarted}
{"logTime": "0911/171834", "correlationVector":"qVWerBQ/2PAv1j5SGjX5aG","action":"Commit Request", "result":"", "context":Item count: 1
Contributing types: Autofill Profiles}
{"logTime": "0911/171835", "correlationVector":"qVWerBQ/2PAv1j5SGjX5aG.1","action":"SyncServerConnectionManagerRequest", "result":"SYNC_SERVER_OK", "context":{"environment":"Prod_francecentral_prod-s01-062-eur-francecentral", "migrationStage":"NotStarted", "server":"akswtt10300000c"}}
{"logTime": "0911/171835", "correlationVector":"qVWerBQ/2PAv1j5SGjX5aG.2","action":"Commit Response", "result":"Success", "context":Result: Success. cV=qVWerBQ/2PAv1j5SGjX5aG.0;server=akswtt10300000c;cloudType=Consumer;environment=Prod_francecentral_prod-s01-062-eur-francecentral;migrationStage=NotStarted}
{"logTime": "0911/171835", "correlationVector":"24dfNtN/fSfhhYMI7QM+EZ","action":"Normal GetUpdate request", "result":"", "context":cV=24dfNtN/fSfhhYMI7QM+EZ
Nudged types: Autofill Profiles}
{"logTime": "0911/171836", "correlationVector":"24dfNtN/fSfhhYMI7QM+EZ.1","action":"SyncServerConnectionManagerRequest", "result":"SYNC_SERVER_OK", "context":{"environment":"Prod_francecentral_prod-s01-062-eur-francecentral", "migrationStage":"NotStarted", "server":"akswtt10300000v"}}
{"logTime": "0911/171836", "correlationVector":"24dfNtN/fSfhhYMI7QM+EZ.2","action":"ProcessGetUpdates", "result":"Done", "context":{"dataType":"Autofill Profiles", "deleted":"0", "process_failed_to_decrypt":"0", "process_pending_decryption":"0", "process_success":"1", "total":"1"}}
{"logTime": "0911/171836", "correlationVector":"24dfNtN/fSfhhYMI7QM+EZ.3","action":"GetUpdates Response", "result":"Success", "context":Received 1 update(s). cV=24dfNtN/fSfhhYMI7QM+EZ.0;server=akswtt10300000v;cloudType=Consumer;environment=Prod_francecentral_prod-s01-062-eur-francecentral;migrationStage=NotStarted}
{"logTime": "0911/172914", "correlationVector":"TbGB6usXFAOzwQ7hf/QCT0","action":"Normal GetUpdate request", "result":"", "context":cV=TbGB6usXFAOzwQ7hf/QCT0
Nudged types: Sessions}
{"logTime": "0911/172920", "correlationVector":"TbGB6usXFAOzwQ7hf/QCT0.1","action":"SyncServerConnectionManagerRequest", "result":"SYNC_SERVER_OK", "context":{"environment":"Prod_francecentral_prod-s01-062-eur-francecentral", "migrationStage":"NotStarted", "server":"akswtt10300000s"}}
{"logTime": "0911/172920", "correlationVector":"TbGB6usXFAOzwQ7hf/QCT0.2","action":"GetUpdates Response", "result":"Success", "context":Received 0 update(s). cV=TbGB6usXFAOzwQ7hf/QCT0.0;server=akswtt10300000s;cloudType=Consumer;environment=Prod_francecentral_prod-s01-062-eur-francecentral;migrationStage=NotStarted}
{"logTime": "0911/172920", "correlationVector":"y9Ahj9QpEAxC2SsZj08Il/","action":"Commit Request", "result":"", "context":Item count: 1
Contributing types: Sessions}
{"logTime": "0911/172921", "correlationVector":"y9Ahj9QpEAxC2SsZj08Il/.1","action":"SyncServerConnectionManagerRequest", "result":"SYNC_SERVER_OK", "context":{"environment":"Prod_francecentral_prod-s01-062-eur-francecentral", "migrationStage":"NotStarted", "server":"akswtt10300000h"}}
{"logTime": "0911/172921", "correlationVector":"y9Ahj9QpEAxC2SsZj08Il/.2","action":"Commit Response", "result":"Success", "context":Result: Success. cV=y9Ahj9QpEAxC2SsZj08Il/.0;server=akswtt10300000h;cloudType=Consumer;environment=Prod_francecentral_prod-s01-062-eur-francecentral;migrationStage=NotStarted}
{"logTime": "0911/173021", "correlationVector":"MBekvDLNfH4IV8p5EAwhd3","action":"Normal GetUpdate request", "result":"", "context":cV=MBekvDLNfH4IV8p5EAwhd3
Nudged types: Sessions}
{"logTime": "0911/173022", "correlationVector":"MBekvDLNfH4IV8p5EAwhd3.1","action":"SyncServerConnectionManagerRequest", "result":"SYNC_SERVER_OK", "context":{"environment":"Prod_francecentral_prod-s01-062-eur-francecentral", "migrationStage":"NotStarted", "server":"akswtt103000006"}}
{"logTime": "0911/173022", "correlationVector":"MBekvDLNfH4IV8p5EAwhd3.2","action":"ProcessGetUpdates", "result":"Done", "context":{"dataType":"Sessions", "deleted":"0", "process_failed_to_decrypt":"0", "process_pending_decryption":"0", "process_success":"1", "total":"1"}}
{"logTime": "0911/173022", "correlationVector":"MBekvDLNfH4IV8p5EAwhd3.3","action":"GetUpdates Response", "result":"Success", "context":Received 1 update(s). cV=MBekvDLNfH4IV8p5EAwhd3.0;server=akswtt103000006;cloudType=Consumer;environment=Prod_francecentral_prod-s01-062-eur-francecentral;migrationStage=NotStarted}
{"logTime": "0911/174157", "correlationVector":"uP0Mfk0IqoHX+suwQywtNY","action":"Normal GetUpdate request", "result":"", "context":cV=uP0Mfk0IqoHX+suwQywtNY
Nudged types: Sessions, Device Info, History}
{"logTime": "0911/174158", "correlationVector":"uP0Mfk0IqoHX+suwQywtNY.1","action":"SyncServerConnectionManagerRequest", "result":"SYNC_SERVER_OK", "context":{"environment":"Prod_francecentral_prod-s01-062-eur-francecentral", "migrationStage":"NotStarted", "server":"akswtt10300000k"}}
{"logTime": "0911/174158", "correlationVector":"uP0Mfk0IqoHX+suwQywtNY.2","action":"GetUpdates Response", "result":"Success", "context":Received 0 update(s). cV=uP0Mfk0IqoHX+suwQywtNY.0;server=akswtt10300000k;cloudType=Consumer;environment=Prod_francecentral_prod-s01-062-eur-francecentral;migrationStage=NotStarted}
{"logTime": "0911/174201", "correlationVector":"wP0w4hQKQL9HCBYoWTzlYL","action":"Commit Request", "result":"", "context":Item count: 4
Contributing types: Sessions, Device Info, History}
{"logTime": "0911/174202", "correlationVector":"wP0w4hQKQL9HCBYoWTzlYL.1","action":"SyncServerConnectionManagerRequest", "result":"SYNC_SERVER_OK", "context":{"environment":"Prod_francecentral_prod-s01-062-eur-francecentral", "migrationStage":"NotStarted", "server":"akswtt10300000u"}}
{"logTime": "0911/174202", "correlationVector":"wP0w4hQKQL9HCBYoWTzlYL.2","action":"Commit Response", "result":"Success", "context":Result: Success. cV=wP0w4hQKQL9HCBYoWTzlYL.0;server=akswtt10300000u;cloudType=Consumer;environment=Prod_francecentral_prod-s01-062-eur-francecentral;migrationStage=NotStarted}
{"logTime": "0911/174202", "correlationVector":"7vlCw0NjGY1u2cZkVJGlh1","action":"Normal GetUpdate request", "result":"", "context":cV=7vlCw0NjGY1u2cZkVJGlh1
Nudged types: Sessions, Device Info, History}
{"logTime": "0911/174202", "correlationVector":"7vlCw0NjGY1u2cZkVJGlh1.1","action":"SyncServerConnectionManagerRequest", "result":"SYNC_SERVER_OK", "context":{"environment":"Prod_francecentral_prod-s01-062-eur-francecentral", "migrationStage":"NotStarted", "server":"akswtt10300000d"}}
{"logTime": "0911/174202", "correlationVector":"7vlCw0NjGY1u2cZkVJGlh1.2","action":"ProcessGetUpdates", "result":"Done", "context":{"dataType":"Sessions", "deleted":"0", "process_failed_to_decrypt":"0", "process_pending_decryption":"0", "process_success":"1", "total":"1"}}
{"logTime": "0911/174202", "correlationVector":"7vlCw0NjGY1u2cZkVJGlh1.3","action":"ProcessGetUpdates", "result":"Done", "context":{"dataType":"Device Info", "deleted":"0", "process_failed_to_decrypt":"0", "process_pending_decryption":"0", "process_success":"1", "total":"1"}}
{"logTime": "0911/174202", "correlationVector":"7vlCw0NjGY1u2cZkVJGlh1.4","action":"ProcessGetUpdates", "result":"Done", "context":{"dataType":"History", "deleted":"0", "process_failed_to_decrypt":"0", "process_pending_decryption":"0", "process_success":"2", "total":"2"}}
{"logTime": "0911/174202", "correlationVector":"7vlCw0NjGY1u2cZkVJGlh1.5","action":"GetUpdates Response", "result":"Success", "context":Received 4 update(s). cV=7vlCw0NjGY1u2cZkVJGlh1.0;server=akswtt10300000d;cloudType=Consumer;environment=Prod_francecentral_prod-s01-062-eur-francecentral;migrationStage=NotStarted}
{"logTime": "0911/174203", "correlationVector":"5xR8hS3hPC2A/xfP1BN+MS","action":"Commit Request", "result":"", "context":Item count: 3
Contributing types: Sessions, History}
{"logTime": "0911/174204", "correlationVector":"5xR8hS3hPC2A/xfP1BN+MS.1","action":"SyncServerConnectionManagerRequest", "result":"SYNC_SERVER_OK", "context":{"environment":"Prod_francecentral_prod-s01-062-eur-francecentral", "migrationStage":"NotStarted", "server":"akswtt103000014"}}
{"logTime": "0911/174204", "correlationVector":"5xR8hS3hPC2A/xfP1BN+MS.2","action":"Commit Response", "result":"Success", "context":Result: Success. cV=5xR8hS3hPC2A/xfP1BN+MS.0;server=akswtt103000014;cloudType=Consumer;environment=Prod_francecentral_prod-s01-062-eur-francecentral;migrationStage=NotStarted}
{"logTime": "0911/174204", "correlationVector":"oUdFLd5l3+Ht+lcZ+ePiOU","action":"Normal GetUpdate request", "result":"", "context":cV=oUdFLd5l3+Ht+lcZ+ePiOU
Nudged types: Sessions, Device Info, History}
{"logTime": "0911/174205", "correlationVector":"oUdFLd5l3+Ht+lcZ+ePiOU.1","action":"SyncServerConnectionManagerRequest", "result":"SYNC_SERVER_OK", "context":{"environment":"Prod_francecentral_prod-s01-062-eur-francecentral", "migrationStage":"NotStarted", "server":"akswtt10300000u"}}
{"logTime": "0911/174205", "correlationVector":"oUdFLd5l3+Ht+lcZ+ePiOU.2","action":"ProcessGetUpdates", "result":"Done", "context":{"dataType":"Sessions", "deleted":"0", "process_failed_to_decrypt":"0", "process_pending_decryption":"0", "process_success":"2", "total":"2"}}
{"logTime": "0911/174205", "correlationVector":"oUdFLd5l3+Ht+lcZ+ePiOU.3","action":"ProcessGetUpdates", "result":"Done", "context":{"dataType":"History", "deleted":"0", "process_failed_to_decrypt":"0", "process_pending_decryption":"0", "process_success":"1", "total":"1"}}
{"logTime": "0911/174205", "correlationVector":"oUdFLd5l3+Ht+lcZ+ePiOU.4","action":"GetUpdates Response", "result":"Success", "context":Received 3 update(s). cV=oUdFLd5l3+Ht+lcZ+ePiOU.0;server=akswtt10300000u;cloudType=Consumer;environment=Prod_francecentral_prod-s01-062-eur-francecentral;migrationStage=NotStarted}
{"logTime": "0911/174206", "correlationVector":"Hrj7/URrK3ohAT3ttiH+Ma","action":"Commit Request", "result":"", "context":Item count: 2
Contributing types: Sessions, Device Info}
{"logTime": "0911/174207", "correlationVector":"Hrj7/URrK3ohAT3ttiH+Ma.1","action":"SyncServerConnectionManagerRequest", "result":"SYNC_SERVER_OK", "context":{"environment":"Prod_francecentral_prod-s01-062-eur-francecentral", "migrationStage":"NotStarted", "server":"akswtt103000014"}}
{"logTime": "0911/174207", "correlationVector":"Hrj7/URrK3ohAT3ttiH+Ma.2","action":"Commit Response", "result":"Success", "context":Result: Success. cV=Hrj7/URrK3ohAT3ttiH+Ma.0;server=akswtt103000014;cloudType=Consumer;environment=Prod_francecentral_prod-s01-062-eur-francecentral;migrationStage=NotStarted}
{"logTime": "0911/174208", "correlationVector":"EQ5POCjEqdFH1krUDFnTZh","action":"Normal GetUpdate request", "result":"", "context":cV=EQ5POCjEqdFH1krUDFnTZh
Nudged types: Sessions, Device Info}
{"logTime": "0911/174208", "correlationVector":"EQ5POCjEqdFH1krUDFnTZh.1","action":"SyncServerConnectionManagerRequest", "result":"SYNC_SERVER_OK", "context":{"environment":"Prod_francecentral_prod-s01-062-eur-francecentral", "migrationStage":"NotStarted", "server":"akswtt103000001"}}
{"logTime": "0911/174208", "correlationVector":"EQ5POCjEqdFH1krUDFnTZh.2","action":"ProcessGetUpdates", "result":"Done", "context":{"dataType":"Sessions", "deleted":"0", "process_failed_to_decrypt":"0", "process_pending_decryption":"0", "process_success":"1", "total":"1"}}
{"logTime": "0911/174208", "correlationVector":"EQ5POCjEqdFH1krUDFnTZh.3","action":"ProcessGetUpdates", "result":"Done", "context":{"dataType":"Device Info", "deleted":"0", "process_failed_to_decrypt":"0", "process_pending_decryption":"0", "process_success":"1", "total":"1"}}
{"logTime": "0911/174208", "correlationVector":"EQ5POCjEqdFH1krUDFnTZh.4","action":"GetUpdates Response", "result":"Success", "context":Received 2 update(s). cV=EQ5POCjEqdFH1krUDFnTZh.0;server=akswtt103000001;cloudType=Consumer;environment=Prod_francecentral_prod-s01-062-eur-francecentral;migrationStage=NotStarted}
{"logTime": "0911/174214", "correlationVector":"9yd+Mp+Bw0WzcvK2xQNhkh","action":"Normal GetUpdate request", "result":"", "context":cV=9yd+Mp+Bw0WzcvK2xQNhkh
Nudged types: Preferences, Sessions, History}
{"logTime": "0911/174215", "correlationVector":"9yd+Mp+Bw0WzcvK2xQNhkh.1","action":"SyncServerConnectionManagerRequest", "result":"SYNC_SERVER_OK", "context":{"environment":"Prod_francecentral_prod-s01-062-eur-francecentral", "migrationStage":"NotStarted", "server":"akswtt10300000u"}}
{"logTime": "0911/174215", "correlationVector":"9yd+Mp+Bw0WzcvK2xQNhkh.2","action":"GetUpdates Response", "result":"Success", "context":Received 0 update(s). cV=9yd+Mp+Bw0WzcvK2xQNhkh.0;server=akswtt10300000u;cloudType=Consumer;environment=Prod_francecentral_prod-s01-062-eur-francecentral;migrationStage=NotStarted}
{"logTime": "0911/174216", "correlationVector":"ryeoE7DCPRZQ7NiUnmnjfE","action":"Commit Request", "result":"", "context":Item count: 5
Contributing types: Preferences, Sessions, History}
{"logTime": "0911/174217", "correlationVector":"ryeoE7DCPRZQ7NiUnmnjfE.1","action":"SyncServerConnectionManagerRequest", "result":"SYNC_SERVER_OK", "context":{"environment":"Prod_francecentral_prod-s01-062-eur-francecentral", "migrationStage":"NotStarted", "server":"akswtt10300000j"}}
{"logTime": "0911/174217", "correlationVector":"ryeoE7DCPRZQ7NiUnmnjfE.2","action":"Commit Response", "result":"Success", "context":Result: Success. cV=ryeoE7DCPRZQ7NiUnmnjfE.0;server=akswtt10300000j;cloudType=Consumer;environment=Prod_francecentral_prod-s01-062-eur-francecentral;migrationStage=NotStarted}
{"logTime": "0911/174219", "correlationVector":"rLM7TFTTiIhYWDotgXk91o","action":"Normal GetUpdate request", "result":"", "context":cV=rLM7TFTTiIhYWDotgXk91o
Nudged types: Preferences, Sessions, History}
{"logTime": "0911/174223", "correlationVector":"rLM7TFTTiIhYWDotgXk91o.1","action":"SyncServerConnectionManagerRequest", "result":"SYNC_SERVER_OK", "context":{"environment":"Prod_francecentral_prod-s01-062-eur-francecentral", "migrationStage":"NotStarted", "server":"akswtt10300000k"}}
{"logTime": "0911/174223", "correlationVector":"rLM7TFTTiIhYWDotgXk91o.2","action":"ProcessGetUpdates", "result":"Done", "context":{"dataType":"Preferences", "deleted":"0", "process_failed_to_decrypt":"0", "process_pending_decryption":"0", "process_success":"1", "total":"1"}}
{"logTime": "0911/174223", "correlationVector":"rLM7TFTTiIhYWDotgXk91o.3","action":"ProcessGetUpdates", "result":"Done", "context":{"dataType":"Sessions", "deleted":"0", "process_failed_to_decrypt":"0", "process_pending_decryption":"0", "process_success":"2", "total":"2"}}
{"logTime": "0911/174223", "correlationVector":"rLM7TFTTiIhYWDotgXk91o.4","action":"ProcessGetUpdates", "result":"Done", "context":{"dataType":"History", "deleted":"0", "process_failed_to_decrypt":"0", "process_pending_decryption":"0", "process_success":"2", "total":"2"}}
{"logTime": "0911/174223", "correlationVector":"rLM7TFTTiIhYWDotgXk91o.5","action":"GetUpdates Response", "result":"Success", "context":Received 5 update(s). cV=rLM7TFTTiIhYWDotgXk91o.0;server=akswtt10300000k;cloudType=Consumer;environment=Prod_francecentral_prod-s01-062-eur-francecentral;migrationStage=NotStarted}
{"logTime": "0911/174223", "correlationVector":"o/axURMUnpcF6Ub9ZWpTJx","action":"Commit Request", "result":"", "context":Item count: 1
Contributing types: Sessions}
{"logTime": "0911/174224", "correlationVector":"o/axURMUnpcF6Ub9ZWpTJx.1","action":"SyncServerConnectionManagerRequest", "result":"SYNC_SERVER_OK", "context":{"environment":"Prod_francecentral_prod-s01-062-eur-francecentral", "migrationStage":"NotStarted", "server":"akswtt103000014"}}
{"logTime": "0911/174224", "correlationVector":"o/axURMUnpcF6Ub9ZWpTJx.2","action":"Commit Response", "result":"Success", "context":Result: Success. cV=o/axURMUnpcF6Ub9ZWpTJx.0;server=akswtt103000014;cloudType=Consumer;environment=Prod_francecentral_prod-s01-062-eur-francecentral;migrationStage=NotStarted}
{"logTime": "0911/174241", "correlationVector":"AqzlrBLeHaac4PEbQ+rSy4","action":"Normal GetUpdate request", "result":"", "context":cV=AqzlrBLeHaac4PEbQ+rSy4
Nudged types: Autofill Profiles, Autofill, Sessions, History}
{"logTime": "0911/174241", "correlationVector":"AqzlrBLeHaac4PEbQ+rSy4.1","action":"SyncServerConnectionManagerRequest", "result":"SYNC_SERVER_OK", "context":{"environment":"Prod_francecentral_prod-s01-062-eur-francecentral", "migrationStage":"NotStarted", "server":"akswtt10300000u"}}
{"logTime": "0911/174241", "correlationVector":"AqzlrBLeHaac4PEbQ+rSy4.2","action":"ProcessGetUpdates", "result":"Done", "context":{"dataType":"Sessions", "deleted":"0", "process_failed_to_decrypt":"0", "process_pending_decryption":"0", "process_success":"1", "total":"1"}}
{"logTime": "0911/174241", "correlationVector":"AqzlrBLeHaac4PEbQ+rSy4.3","action":"GetUpdates Response", "result":"Success", "context":Received 1 update(s). cV=AqzlrBLeHaac4PEbQ+rSy4.0;server=akswtt10300000u;cloudType=Consumer;environment=Prod_francecentral_prod-s01-062-eur-francecentral;migrationStage=NotStarted}
{"logTime": "0911/174242", "correlationVector":"ldKMKA8aZy8Al91L3E2sEC","action":"Commit Request", "result":"", "context":Item count: 5
Contributing types: Autofill Profiles, Autofill, Sessions, History}
{"logTime": "0911/174242", "correlationVector":"ldKMKA8aZy8Al91L3E2sEC.1","action":"SyncServerConnectionManagerRequest", "result":"SYNC_SERVER_OK", "context":{"environment":"Prod_francecentral_prod-s01-062-eur-francecentral", "migrationStage":"NotStarted", "server":"akswtt10300000w"}}
{"logTime": "0911/174242", "correlationVector":"ldKMKA8aZy8Al91L3E2sEC.2","action":"Commit Response", "result":"Success", "context":Result: Success. cV=ldKMKA8aZy8Al91L3E2sEC.0;server=akswtt10300000w;cloudType=Consumer;environment=Prod_francecentral_prod-s01-062-eur-francecentral;migrationStage=NotStarted}
{"logTime": "0911/174243", "correlationVector":"sVBLElQ4PH2h89aLt3MtbN","action":"Normal GetUpdate request", "result":"", "context":cV=sVBLElQ4PH2h89aLt3MtbN
Nudged types: Autofill Profiles, Autofill, Sessions, History}
{"logTime": "0911/174248", "correlationVector":"sVBLElQ4PH2h89aLt3MtbN.1","action":"SyncServerConnectionManagerRequest", "result":"SYNC_SERVER_OK", "context":{"environment":"Prod_francecentral_prod-s01-062-eur-francecentral", "migrationStage":"NotStarted", "server":"akswtt10300000v"}}
{"logTime": "0911/174248", "correlationVector":"sVBLElQ4PH2h89aLt3MtbN.2","action":"ProcessGetUpdates", "result":"Done", "context":{"dataType":"Autofill Profiles", "deleted":"0", "process_failed_to_decrypt":"0", "process_pending_decryption":"0", "process_success":"1", "total":"1"}}
{"logTime": "0911/174248", "correlationVector":"sVBLElQ4PH2h89aLt3MtbN.3","action":"ProcessGetUpdates", "result":"Done", "context":{"dataType":"Autofill", "deleted":"0", "process_failed_to_decrypt":"0", "process_pending_decryption":"0", "process_success":"1", "total":"1"}}
{"logTime": "0911/174248", "correlationVector":"sVBLElQ4PH2h89aLt3MtbN.4","action":"ProcessGetUpdates", "result":"Done", "context":{"dataType":"Sessions", "deleted":"0", "process_failed_to_decrypt":"0", "process_pending_decryption":"0", "process_success":"1", "total":"1"}}
{"logTime": "0911/174248", "correlationVector":"sVBLElQ4PH2h89aLt3MtbN.5","action":"ProcessGetUpdates", "result":"Done", "context":{"dataType":"History", "deleted":"0", "process_failed_to_decrypt":"0", "process_pending_decryption":"0", "process_success":"2", "total":"2"}}
{"logTime": "0911/174248", "correlationVector":"sVBLElQ4PH2h89aLt3MtbN.6","action":"GetUpdates Response", "result":"Success", "context":Received 5 update(s). cV=sVBLElQ4PH2h89aLt3MtbN.0;server=akswtt10300000v;cloudType=Consumer;environment=Prod_francecentral_prod-s01-062-eur-francecentral;migrationStage=NotStarted}
{"logTime": "0911/174251", "correlationVector":"OiW4PgX7mSWe90jOcCS18A","action":"Commit Request", "result":"", "context":Item count: 5
Contributing types: Preferences, Passwords, Sessions, History}
{"logTime": "0911/174251", "correlationVector":"OiW4PgX7mSWe90jOcCS18A.1","action":"SyncServerConnectionManagerRequest", "result":"SYNC_SERVER_OK", "context":{"environment":"Prod_francecentral_prod-s01-062-eur-francecentral", "migrationStage":"NotStarted", "server":"akswtt10300000v"}}
{"logTime": "0911/174251", "correlationVector":"OiW4PgX7mSWe90jOcCS18A.2","action":"Commit Response", "result":"Success", "context":Result: Success. cV=OiW4PgX7mSWe90jOcCS18A.0;server=akswtt10300000v;cloudType=Consumer;environment=Prod_francecentral_prod-s01-062-eur-francecentral;migrationStage=NotStarted}
{"logTime": "0911/174252", "correlationVector":"0+cFiayH7lbFRNLBsI1vNh","action":"Normal GetUpdate request", "result":"", "context":cV=0+cFiayH7lbFRNLBsI1vNh
Nudged types: Preferences, Passwords, Sessions, History}
{"logTime": "0911/174253", "correlationVector":"0+cFiayH7lbFRNLBsI1vNh.1","action":"SyncServerConnectionManagerRequest", "result":"SYNC_SERVER_OK", "context":{"environment":"Prod_francecentral_prod-s01-062-eur-francecentral", "migrationStage":"NotStarted", "server":"akswtt10300000j"}}
{"logTime": "0911/174253", "correlationVector":"0+cFiayH7lbFRNLBsI1vNh.2","action":"ProcessGetUpdates", "result":"Done", "context":{"dataType":"Preferences", "deleted":"0", "process_failed_to_decrypt":"0", "process_pending_decryption":"0", "process_success":"1", "total":"1"}}
{"logTime": "0911/174253", "correlationVector":"0+cFiayH7lbFRNLBsI1vNh.3","action":"ProcessGetUpdates", "result":"Done", "context":{"dataType":"Passwords", "deleted":"0", "process_failed_to_decrypt":"0", "process_pending_decryption":"0", "process_success":"1", "total":"1"}}
{"logTime": "0911/174253", "correlationVector":"0+cFiayH7lbFRNLBsI1vNh.4","action":"ProcessGetUpdates", "result":"Done", "context":{"dataType":"Sessions", "deleted":"0", "process_failed_to_decrypt":"0", "process_pending_decryption":"0", "process_success":"1", "total":"1"}}
{"logTime": "0911/174253", "correlationVector":"0+cFiayH7lbFRNLBsI1vNh.5","action":"ProcessGetUpdates", "result":"Done", "context":{"dataType":"History", "deleted":"0", "process_failed_to_decrypt":"0", "process_pending_decryption":"0", "process_success":"2", "total":"2"}}
{"logTime": "0911/174253", "correlationVector":"0+cFiayH7lbFRNLBsI1vNh.6","action":"GetUpdates Response", "result":"Success", "context":Received 5 update(s). cV=0+cFiayH7lbFRNLBsI1vNh.0;server=akswtt10300000j;cloudType=Consumer;environment=Prod_francecentral_prod-s01-062-eur-francecentral;migrationStage=NotStarted}
{"logTime": "0911/174334", "correlationVector":"Y0Igq5FkarTTPictfrPrOd","action":"Normal GetUpdate request", "result":"", "context":cV=Y0Igq5FkarTTPictfrPrOd
Nudged types: Device Info}
{"logTime": "0911/174334", "correlationVector":"Y0Igq5FkarTTPictfrPrOd.1","action":"SyncServerConnectionManagerRequest", "result":"SYNC_SERVER_OK", "context":{"environment":"Prod_francecentral_prod-s01-062-eur-francecentral", "migrationStage":"NotStarted", "server":"akswtt10300001c"}}
{"logTime": "0911/174334", "correlationVector":"Y0Igq5FkarTTPictfrPrOd.2","action":"GetUpdates Response", "result":"Success", "context":Received 0 update(s). cV=Y0Igq5FkarTTPictfrPrOd.0;server=akswtt10300001c;cloudType=Consumer;environment=Prod_francecentral_prod-s01-062-eur-francecentral;migrationStage=NotStarted}
{"logTime": "0911/174335", "correlationVector":"owXP5Oq5YKZThUWchYY1DG","action":"Commit Request", "result":"", "context":Item count: 1
Contributing types: Device Info}
{"logTime": "0911/174336", "correlationVector":"owXP5Oq5YKZThUWchYY1DG.1","action":"SyncServerConnectionManagerRequest", "result":"SYNC_SERVER_OK", "context":{"environment":"Prod_francecentral_prod-s01-062-eur-francecentral", "migrationStage":"NotStarted", "server":"akswtt10300000j"}}
{"logTime": "0911/174336", "correlationVector":"owXP5Oq5YKZThUWchYY1DG.2","action":"Commit Response", "result":"Success", "context":Result: Success. cV=owXP5Oq5YKZThUWchYY1DG.0;server=akswtt10300000j;cloudType=Consumer;environment=Prod_francecentral_prod-s01-062-eur-francecentral;migrationStage=NotStarted}
{"logTime": "0911/174336", "correlationVector":"t2+kKxgav8E5CVLleJBv1Z","action":"Normal GetUpdate request", "result":"", "context":cV=t2+kKxgav8E5CVLleJBv1Z
Nudged types: Device Info}
{"logTime": "0911/174336", "correlationVector":"t2+kKxgav8E5CVLleJBv1Z.1","action":"SyncServerConnectionManagerRequest", "result":"SYNC_SERVER_OK", "context":{"environment":"Prod_francecentral_prod-s01-062-eur-francecentral", "migrationStage":"NotStarted", "server":"akswtt10300000l"}}
{"logTime": "0911/174336", "correlationVector":"t2+kKxgav8E5CVLleJBv1Z.2","action":"ProcessGetUpdates", "result":"Done", "context":{"dataType":"Device Info", "deleted":"0", "process_failed_to_decrypt":"0", "process_pending_decryption":"0", "process_success":"1", "total":"1"}}
{"logTime": "0911/174336", "correlationVector":"t2+kKxgav8E5CVLleJBv1Z.3","action":"GetUpdates Response", "result":"Success", "context":Received 1 update(s). cV=t2+kKxgav8E5CVLleJBv1Z.0;server=akswtt10300000l;cloudType=Consumer;environment=Prod_francecentral_prod-s01-062-eur-francecentral;migrationStage=NotStarted}
{"logTime": "0911/174346", "correlationVector":"qjq9ibcsK31qtE/rDZBqQI","action":"Normal GetUpdate request", "result":"", "context":cV=qjq9ibcsK31qtE/rDZBqQI
Nudged types: Preferences, Sessions, History}
{"logTime": "0911/174346", "correlationVector":"qjq9ibcsK31qtE/rDZBqQI.1","action":"SyncServerConnectionManagerRequest", "result":"SYNC_SERVER_OK", "context":{"environment":"Prod_francecentral_prod-s01-062-eur-francecentral", "migrationStage":"NotStarted", "server":"akswtt10300000c"}}
{"logTime": "0911/174346", "correlationVector":"qjq9ibcsK31qtE/rDZBqQI.2","action":"GetUpdates Response", "result":"Success", "context":Received 0 update(s). cV=qjq9ibcsK31qtE/rDZBqQI.0;server=akswtt10300000c;cloudType=Consumer;environment=Prod_francecentral_prod-s01-062-eur-francecentral;migrationStage=NotStarted}
{"logTime": "0911/174347", "correlationVector":"bGt10vhHSCD2pdYqO6XavV","action":"Commit Request", "result":"", "context":Item count: 9
Contributing types: Preferences, Sessions, Device Info, History}
{"logTime": "0911/174347", "correlationVector":"bGt10vhHSCD2pdYqO6XavV.1","action":"SyncServerConnectionManagerRequest", "result":"SYNC_SERVER_OK", "context":{"environment":"Prod_francecentral_prod-s01-062-eur-francecentral", "migrationStage":"NotStarted", "server":"akswtt10300000v"}}
{"logTime": "0911/174347", "correlationVector":"bGt10vhHSCD2pdYqO6XavV.2","action":"Commit Response", "result":"Success", "context":Result: Success. cV=bGt10vhHSCD2pdYqO6XavV.0;server=akswtt10300000v;cloudType=Consumer;environment=Prod_francecentral_prod-s01-062-eur-francecentral;migrationStage=NotStarted}
{"logTime": "0911/174348", "correlationVector":"PxRrMvIp5tR8nvR0oLR9IU","action":"Normal GetUpdate request", "result":"", "context":cV=PxRrMvIp5tR8nvR0oLR9IU
Nudged types: Preferences, Sessions, Device Info, History}
{"logTime": "0911/174348", "correlationVector":"PxRrMvIp5tR8nvR0oLR9IU.1","action":"SyncServerConnectionManagerRequest", "result":"SYNC_SERVER_OK", "context":{"environment":"Prod_francecentral_prod-s01-062-eur-francecentral", "migrationStage":"NotStarted", "server":"akswtt10300000v"}}
{"logTime": "0911/174348", "correlationVector":"PxRrMvIp5tR8nvR0oLR9IU.2","action":"ProcessGetUpdates", "result":"Done", "context":{"dataType":"Preferences", "deleted":"0", "process_failed_to_decrypt":"0", "process_pending_decryption":"0", "process_success":"1", "total":"1"}}
{"logTime": "0911/174348", "correlationVector":"PxRrMvIp5tR8nvR0oLR9IU.3","action":"ProcessGetUpdates", "result":"Done", "context":{"dataType":"Sessions", "deleted":"0", "process_failed_to_decrypt":"0", "process_pending_decryption":"0", "process_success":"3", "total":"3"}}
{"logTime": "0911/174348", "correlationVector":"PxRrMvIp5tR8nvR0oLR9IU.4","action":"ProcessGetUpdates", "result":"Done", "context":{"dataType":"Device Info", "deleted":"0", "process_failed_to_decrypt":"0", "process_pending_decryption":"0", "process_success":"1", "total":"1"}}
{"logTime": "0911/174348", "correlationVector":"PxRrMvIp5tR8nvR0oLR9IU.5","action":"ProcessGetUpdates", "result":"Done", "context":{"dataType":"History", "deleted":"0", "process_failed_to_decrypt":"0", "process_pending_decryption":"0", "process_success":"4", "total":"4"}}
{"logTime": "0911/174348", "correlationVector":"PxRrMvIp5tR8nvR0oLR9IU.6","action":"GetUpdates Response", "result":"Success", "context":Received 9 update(s). cV=PxRrMvIp5tR8nvR0oLR9IU.0;server=akswtt10300000v;cloudType=Consumer;environment=Prod_francecentral_prod-s01-062-eur-francecentral;migrationStage=NotStarted}
{"logTime": "0911/174350", "correlationVector":"VfAfIrrInOJyZUhPTl0LXy","action":"Commit Request", "result":"", "context":Item count: 2
Contributing types: Sessions, History}
{"logTime": "0911/174350", "correlationVector":"VfAfIrrInOJyZUhPTl0LXy.1","action":"SyncServerConnectionManagerRequest", "result":"SYNC_SERVER_OK", "context":{"environment":"Prod_francecentral_prod-s01-062-eur-francecentral", "migrationStage":"NotStarted", "server":"akswtt10300000l"}}
{"logTime": "0911/174350", "correlationVector":"VfAfIrrInOJyZUhPTl0LXy.2","action":"Commit Response", "result":"Success", "context":Result: Success. cV=VfAfIrrInOJyZUhPTl0LXy.0;server=akswtt10300000l;cloudType=Consumer;environment=Prod_francecentral_prod-s01-062-eur-francecentral;migrationStage=NotStarted}
{"logTime": "0911/174450", "correlationVector":"/WJcLeixNRTQYyrIzL120p","action":"Normal GetUpdate request", "result":"", "context":cV=/WJcLeixNRTQYyrIzL120p
Nudged types: Sessions, History}
{"logTime": "0911/174451", "correlationVector":"/WJcLeixNRTQYyrIzL120p.1","action":"SyncServerConnectionManagerRequest", "result":"SYNC_SERVER_OK", "context":{"environment":"Prod_francecentral_prod-s01-062-eur-francecentral", "migrationStage":"NotStarted", "server":"akswtt10300000v"}}
{"logTime": "0911/174451", "correlationVector":"/WJcLeixNRTQYyrIzL120p.2","action":"ProcessGetUpdates", "result":"Done", "context":{"dataType":"Sessions", "deleted":"0", "process_failed_to_decrypt":"0", "process_pending_decryption":"0", "process_success":"1", "total":"1"}}
{"logTime": "0911/174451", "correlationVector":"/WJcLeixNRTQYyrIzL120p.3","action":"ProcessGetUpdates", "result":"Done", "context":{"dataType":"History", "deleted":"0", "process_failed_to_decrypt":"0", "process_pending_decryption":"0", "process_success":"1", "total":"1"}}
{"logTime": "0911/174451", "correlationVector":"/WJcLeixNRTQYyrIzL120p.4","action":"GetUpdates Response", "result":"Success", "context":Received 2 update(s). cV=/WJcLeixNRTQYyrIzL120p.0;server=akswtt10300000v;cloudType=Consumer;environment=Prod_francecentral_prod-s01-062-eur-francecentral;migrationStage=NotStarted}
{"logTime": "0911/174452", "correlationVector":"27lpQDcxV0hs+3sSNsbxmn","action":"Commit Request", "result":"", "context":Item count: 5
Contributing types: Sessions, History}
{"logTime": "0911/174452", "correlationVector":"27lpQDcxV0hs+3sSNsbxmn.1","action":"SyncServerConnectionManagerRequest", "result":"SYNC_SERVER_OK", "context":{"environment":"Prod_francecentral_prod-s01-062-eur-francecentral", "migrationStage":"NotStarted", "server":"akswtt103000009"}}
{"logTime": "0911/174452", "correlationVector":"27lpQDcxV0hs+3sSNsbxmn.2","action":"Commit Response", "result":"Success", "context":Result: Success. cV=27lpQDcxV0hs+3sSNsbxmn.0;server=akswtt103000009;cloudType=Consumer;environment=Prod_francecentral_prod-s01-062-eur-francecentral;migrationStage=NotStarted}
{"logTime": "0911/174552", "correlationVector":"SaxQe015VNsjWNTGnreKn1","action":"Normal GetUpdate request", "result":"", "context":cV=SaxQe015VNsjWNTGnreKn1
Nudged types: Sessions, History}
{"logTime": "0911/174553", "correlationVector":"SaxQe015VNsjWNTGnreKn1.1","action":"SyncServerConnectionManagerRequest", "result":"SYNC_SERVER_OK", "context":{"environment":"Prod_francecentral_prod-s01-062-eur-francecentral", "migrationStage":"NotStarted", "server":"akswtt103000013"}}
{"logTime": "0911/174553", "correlationVector":"SaxQe015VNsjWNTGnreKn1.2","action":"ProcessGetUpdates", "result":"Done", "context":{"dataType":"Sessions", "deleted":"0", "process_failed_to_decrypt":"0", "process_pending_decryption":"0", "process_success":"2", "total":"2"}}
{"logTime": "0911/174553", "correlationVector":"SaxQe015VNsjWNTGnreKn1.3","action":"ProcessGetUpdates", "result":"Done", "context":{"dataType":"History", "deleted":"0", "process_failed_to_decrypt":"0", "process_pending_decryption":"0", "process_success":"3", "total":"3"}}
{"logTime": "0911/174553", "correlationVector":"SaxQe015VNsjWNTGnreKn1.4","action":"GetUpdates Response", "result":"Success", "context":Received 5 update(s). cV=SaxQe015VNsjWNTGnreKn1.0;server=akswtt103000013;cloudType=Consumer;environment=Prod_francecentral_prod-s01-062-eur-francecentral;migrationStage=NotStarted}
{"logTime": "0911/174553", "correlationVector":"EAx5hBC61i0v/VVsOTG7Tz","action":"Commit Request", "result":"", "context":Item count: 13
Contributing types: Sessions, History}
{"logTime": "0911/174554", "correlationVector":"EAx5hBC61i0v/VVsOTG7Tz.1","action":"SyncServerConnectionManagerRequest", "result":"SYNC_SERVER_OK", "context":{"environment":"Prod_francecentral_prod-s01-062-eur-francecentral", "migrationStage":"NotStarted", "server":"akswtt10300000v"}}
{"logTime": "0911/174554", "correlationVector":"EAx5hBC61i0v/VVsOTG7Tz.2","action":"Commit Response", "result":"Success", "context":Result: Success. cV=EAx5hBC61i0v/VVsOTG7Tz.0;server=akswtt10300000v;cloudType=Consumer;environment=Prod_francecentral_prod-s01-062-eur-francecentral;migrationStage=NotStarted}
{"logTime": "0911/174654", "correlationVector":"8YflG9I7YC20fkjPi+jJz9","action":"Normal GetUpdate request", "result":"", "context":cV=8YflG9I7YC20fkjPi+jJz9
Nudged types: Sessions, History}
{"logTime": "0911/174654", "correlationVector":"8YflG9I7YC20fkjPi+jJz9.1","action":"SyncServerConnectionManagerRequest", "result":"SYNC_SERVER_OK", "context":{"environment":"Prod_francecentral_prod-s01-062-eur-francecentral", "migrationStage":"NotStarted", "server":"akswtt10300000l"}}
{"logTime": "0911/174654", "correlationVector":"8YflG9I7YC20fkjPi+jJz9.2","action":"ProcessGetUpdates", "result":"Done", "context":{"dataType":"Sessions", "deleted":"0", "process_failed_to_decrypt":"0", "process_pending_decryption":"0", "process_success":"1", "total":"1"}}
{"logTime": "0911/174654", "correlationVector":"8YflG9I7YC20fkjPi+jJz9.3","action":"ProcessGetUpdates", "result":"Done", "context":{"dataType":"History", "deleted":"0", "process_failed_to_decrypt":"0", "process_pending_decryption":"0", "process_success":"12", "total":"12"}}
{"logTime": "0911/174654", "correlationVector":"8YflG9I7YC20fkjPi+jJz9.4","action":"GetUpdates Response", "result":"Success", "context":Received 13 update(s). cV=8YflG9I7YC20fkjPi+jJz9.0;server=akswtt10300000l;cloudType=Consumer;environment=Prod_francecentral_prod-s01-062-eur-francecentral;migrationStage=NotStarted}
{"logTime": "0911/174822", "correlationVector":"RA3RLnzdEhMJBtJ7K8JJCb","action":"Normal GetUpdate request", "result":"", "context":cV=RA3RLnzdEhMJBtJ7K8JJCb
Nudged types: Sessions}
{"logTime": "0911/174822", "correlationVector":"RA3RLnzdEhMJBtJ7K8JJCb.1","action":"SyncServerConnectionManagerRequest", "result":"SYNC_SERVER_OK", "context":{"environment":"Prod_francecentral_prod-s01-062-eur-francecentral", "migrationStage":"NotStarted", "server":"akswtt103000006"}}
{"logTime": "0911/174822", "correlationVector":"RA3RLnzdEhMJBtJ7K8JJCb.2","action":"GetUpdates Response", "result":"Success", "context":Received 0 update(s). cV=RA3RLnzdEhMJBtJ7K8JJCb.0;server=akswtt103000006;cloudType=Consumer;environment=Prod_francecentral_prod-s01-062-eur-francecentral;migrationStage=NotStarted}
{"logTime": "0911/174823", "correlationVector":"Yjbt1Knwl+ccRWyw85UQ2+","action":"Commit Request", "result":"", "context":Item count: 1
Contributing types: Sessions}
{"logTime": "0911/174823", "correlationVector":"Yjbt1Knwl+ccRWyw85UQ2+.1","action":"SyncServerConnectionManagerRequest", "result":"SYNC_SERVER_OK", "context":{"environment":"Prod_francecentral_prod-s01-062-eur-francecentral", "migrationStage":"NotStarted", "server":"akswtt10300001c"}}
{"logTime": "0911/174823", "correlationVector":"Yjbt1Knwl+ccRWyw85UQ2+.2","action":"Commit Response", "result":"Success", "context":Result: Success. cV=Yjbt1Knwl+ccRWyw85UQ2+.0;server=akswtt10300001c;cloudType=Consumer;environment=Prod_francecentral_prod-s01-062-eur-francecentral;migrationStage=NotStarted}
{"logTime": "0911/174923", "correlationVector":"iy92VG3OroYyOROB2kxftn","action":"Normal GetUpdate request", "result":"", "context":cV=iy92VG3OroYyOROB2kxftn
Nudged types: Sessions}
{"logTime": "0911/174923", "correlationVector":"iy92VG3OroYyOROB2kxftn.1","action":"SyncServerConnectionManagerRequest", "result":"SYNC_SERVER_OK", "context":{"environment":"Prod_francecentral_prod-s01-062-eur-francecentral", "migrationStage":"NotStarted", "server":"akswtt103000008"}}
{"logTime": "0911/174923", "correlationVector":"iy92VG3OroYyOROB2kxftn.2","action":"ProcessGetUpdates", "result":"Done", "context":{"dataType":"Sessions", "deleted":"0", "process_failed_to_decrypt":"0", "process_pending_decryption":"0", "process_success":"1", "total":"1"}}
{"logTime": "0911/174923", "correlationVector":"iy92VG3OroYyOROB2kxftn.3","action":"GetUpdates Response", "result":"Success", "context":Received 1 update(s). cV=iy92VG3OroYyOROB2kxftn.0;server=akswtt103000008;cloudType=Consumer;environment=Prod_francecentral_prod-s01-062-eur-francecentral;migrationStage=NotStarted}
{"logTime": "0911/175121", "correlationVector":"7+5zP8yfDIOuSSsBQz9cSk","action":"Normal GetUpdate request", "result":"", "context":cV=7+5zP8yfDIOuSSsBQz9cSk
Nudged types: Sessions}
{"logTime": "0911/175121", "correlationVector":"7+5zP8yfDIOuSSsBQz9cSk.1","action":"SyncServerConnectionManagerRequest", "result":"SYNC_SERVER_OK", "context":{"environment":"Prod_francecentral_prod-s01-062-eur-francecentral", "migrationStage":"NotStarted", "server":"akswtt10300001f"}}
{"logTime": "0911/175121", "correlationVector":"7+5zP8yfDIOuSSsBQz9cSk.2","action":"GetUpdates Response", "result":"Success", "context":Received 0 update(s). cV=7+5zP8yfDIOuSSsBQz9cSk.0;server=akswtt10300001f;cloudType=Consumer;environment=Prod_francecentral_prod-s01-062-eur-francecentral;migrationStage=NotStarted}
{"logTime": "0911/175122", "correlationVector":"MxsPHdynjrkphpyRCgKTx5","action":"Commit Request", "result":"", "context":Item count: 1
Contributing types: Sessions}
{"logTime": "0911/175122", "correlationVector":"MxsPHdynjrkphpyRCgKTx5.1","action":"SyncServerConnectionManagerRequest", "result":"SYNC_SERVER_OK", "context":{"environment":"Prod_francecentral_prod-s01-062-eur-francecentral", "migrationStage":"NotStarted", "server":"akswtt10300001f"}}
{"logTime": "0911/175122", "correlationVector":"MxsPHdynjrkphpyRCgKTx5.2","action":"Commit Response", "result":"Success", "context":Result: Success. cV=MxsPHdynjrkphpyRCgKTx5.0;server=akswtt10300001f;cloudType=Consumer;environment=Prod_francecentral_prod-s01-062-eur-francecentral;migrationStage=NotStarted}
{"logTime": "0911/175222", "correlationVector":"q0kse+ZDEE7EI5IP7J16GA","action":"Normal GetUpdate request", "result":"", "context":cV=q0kse+ZDEE7EI5IP7J16GA
Nudged types: Sessions}
{"logTime": "0911/175223", "correlationVector":"q0kse+ZDEE7EI5IP7J16GA.1","action":"SyncServerConnectionManagerRequest", "result":"SYNC_SERVER_OK", "context":{"environment":"Prod_francecentral_prod-s01-062-eur-francecentral", "migrationStage":"NotStarted", "server":"akswtt10300000y"}}
{"logTime": "0911/175223", "correlationVector":"q0kse+ZDEE7EI5IP7J16GA.2","action":"ProcessGetUpdates", "result":"Done", "context":{"dataType":"Sessions", "deleted":"0", "process_failed_to_decrypt":"0", "process_pending_decryption":"0", "process_success":"1", "total":"1"}}
{"logTime": "0911/175223", "correlationVector":"q0kse+ZDEE7EI5IP7J16GA.3","action":"GetUpdates Response", "result":"Success", "context":Received 1 update(s). cV=q0kse+ZDEE7EI5IP7J16GA.0;server=akswtt10300000y;cloudType=Consumer;environment=Prod_francecentral_prod-s01-062-eur-francecentral;migrationStage=NotStarted}
{"logTime": "0911/181142", "correlationVector":"uqgHXLjDMnKwR2h+Gf6ZhZ","action":"Normal GetUpdate request", "result":"", "context":cV=uqgHXLjDMnKwR2h+Gf6ZhZ
Nudged types: Sessions}
{"logTime": "0911/181143", "correlationVector":"uqgHXLjDMnKwR2h+Gf6ZhZ.1","action":"SyncServerConnectionManagerRequest", "result":"SYNC_SERVER_OK", "context":{"environment":"Prod_francecentral_prod-s01-062-eur-francecentral", "migrationStage":"NotStarted", "server":"akswtt10300000s"}}
{"logTime": "0911/181143", "correlationVector":"uqgHXLjDMnKwR2h+Gf6ZhZ.2","action":"GetUpdates Response", "result":"Success", "context":Received 0 update(s). cV=uqgHXLjDMnKwR2h+Gf6ZhZ.0;server=akswtt10300000s;cloudType=Consumer;environment=Prod_francecentral_prod-s01-062-eur-francecentral;migrationStage=NotStarted}
{"logTime": "0911/181143", "correlationVector":"2/uILnmduRQ8jy95/wc6ir","action":"Commit Request", "result":"", "context":Item count: 1
Contributing types: Sessions}
{"logTime": "0911/181144", "correlationVector":"2/uILnmduRQ8jy95/wc6ir.1","action":"SyncServerConnectionManagerRequest", "result":"SYNC_SERVER_OK", "context":{"environment":"Prod_francecentral_prod-s01-062-eur-francecentral", "migrationStage":"NotStarted", "server":"akswtt103000013"}}
{"logTime": "0911/181144", "correlationVector":"2/uILnmduRQ8jy95/wc6ir.2","action":"Commit Response", "result":"Success", "context":Result: Success. cV=2/uILnmduRQ8jy95/wc6ir.0;server=akswtt103000013;cloudType=Consumer;environment=Prod_francecentral_prod-s01-062-eur-francecentral;migrationStage=NotStarted}
{"logTime": "0911/181244", "correlationVector":"LyvfLV56k1O9NMLWxjfV40","action":"Normal GetUpdate request", "result":"", "context":cV=LyvfLV56k1O9NMLWxjfV40
Nudged types: Sessions}
{"logTime": "0911/181244", "correlationVector":"LyvfLV56k1O9NMLWxjfV40.1","action":"SyncServerConnectionManagerRequest", "result":"SYNC_SERVER_OK", "context":{"environment":"Prod_francecentral_prod-s01-062-eur-francecentral", "migrationStage":"NotStarted", "server":"akswtt103000013"}}
{"logTime": "0911/181244", "correlationVector":"LyvfLV56k1O9NMLWxjfV40.2","action":"ProcessGetUpdates", "result":"Done", "context":{"dataType":"Sessions", "deleted":"0", "process_failed_to_decrypt":"0", "process_pending_decryption":"0", "process_success":"1", "total":"1"}}
{"logTime": "0911/181244", "correlationVector":"LyvfLV56k1O9NMLWxjfV40.3","action":"GetUpdates Response", "result":"Success", "context":Received 1 update(s). cV=LyvfLV56k1O9NMLWxjfV40.0;server=akswtt103000013;cloudType=Consumer;environment=Prod_francecentral_prod-s01-062-eur-francecentral;migrationStage=NotStarted}
{"logTime": "0911/184130", "correlationVector":"ELPth7Xq+4adG/csncslpq","action":"Normal GetUpdate request", "result":"", "context":cV=ELPth7Xq+4adG/csncslpq
Nudged types: Sessions}
{"logTime": "0911/184133", "correlationVector":"ELPth7Xq+4adG/csncslpq.1","action":"SyncServerConnectionManagerRequest", "result":"SYNC_SERVER_OK", "context":{"environment":"Prod_francecentral_prod-s01-062-eur-francecentral", "migrationStage":"NotStarted", "server":"akswtt10300001i"}}
{"logTime": "0911/184133", "correlationVector":"ELPth7Xq+4adG/csncslpq.2","action":"ProcessGetUpdates", "result":"Done", "context":{"dataType":"Preferences", "deleted":"0", "process_failed_to_decrypt":"0", "process_pending_decryption":"0", "process_success":"1", "total":"1"}}
{"logTime": "0911/184133", "correlationVector":"ELPth7Xq+4adG/csncslpq.3","action":"ProcessGetUpdates", "result":"Done", "context":{"dataType":"Autofill Profiles", "deleted":"0", "process_failed_to_decrypt":"0", "process_pending_decryption":"0", "process_success":"1", "total":"1"}}
{"logTime": "0911/184133", "correlationVector":"ELPth7Xq+4adG/csncslpq.4","action":"ProcessGetUpdates", "result":"Done", "context":{"dataType":"Sessions", "deleted":"3", "process_failed_to_decrypt":"0", "process_pending_decryption":"0", "process_success":"11", "total":"11"}}
{"logTime": "0911/184133", "correlationVector":"ELPth7Xq+4adG/csncslpq.5","action":"ProcessGetUpdates", "result":"Done", "context":{"dataType":"Device Info", "deleted":"0", "process_failed_to_decrypt":"0", "process_pending_decryption":"0", "process_success":"1", "total":"1"}}
{"logTime": "0911/184133", "correlationVector":"ELPth7Xq+4adG/csncslpq.6","action":"ProcessGetUpdates", "result":"Done", "context":{"dataType":"History", "deleted":"0", "process_failed_to_decrypt":"0", "process_pending_decryption":"0", "process_success":"17", "total":"17"}}
{"logTime": "0911/184133", "correlationVector":"ELPth7Xq+4adG/csncslpq.7","action":"GetUpdates Response", "result":"Success", "context":Received 31 update(s). cV=ELPth7Xq+4adG/csncslpq.0;server=akswtt10300001i;cloudType=Consumer;environment=Prod_francecentral_prod-s01-062-eur-francecentral;migrationStage=NotStarted}
{"logTime": "0911/184134", "correlationVector":"KO2Kv4TK90SbZC2f4IKD09","action":"Commit Request", "result":"", "context":Item count: 1
Contributing types: Sessions}
{"logTime": "0911/184134", "correlationVector":"KO2Kv4TK90SbZC2f4IKD09.1","action":"SyncServerConnectionManagerRequest", "result":"SYNC_SERVER_OK", "context":{"environment":"Prod_francecentral_prod-s01-062-eur-francecentral", "migrationStage":"NotStarted", "server":"akswtt10300000f"}}
{"logTime": "0911/184134", "correlationVector":"KO2Kv4TK90SbZC2f4IKD09.2","action":"Commit Response", "result":"Success", "context":Result: Success. cV=KO2Kv4TK90SbZC2f4IKD09.0;server=akswtt10300000f;cloudType=Consumer;environment=Prod_francecentral_prod-s01-062-eur-francecentral;migrationStage=NotStarted}
{"logTime": "0911/184234", "correlationVector":"IBPo5uDxhSVp1DMBMN8IaR","action":"Normal GetUpdate request", "result":"", "context":cV=IBPo5uDxhSVp1DMBMN8IaR
Nudged types: Sessions}
{"logTime": "0911/184237", "correlationVector":"IBPo5uDxhSVp1DMBMN8IaR.1","action":"SyncServerConnectionManagerRequest", "result":"SYNC_SERVER_OK", "context":{"environment":"Prod_francecentral_prod-s01-062-eur-francecentral", "migrationStage":"NotStarted", "server":"akswtt103000008"}}
{"logTime": "0911/184237", "correlationVector":"IBPo5uDxhSVp1DMBMN8IaR.2","action":"ProcessGetUpdates", "result":"Done", "context":{"dataType":"Sessions", "deleted":"3", "process_failed_to_decrypt":"0", "process_pending_decryption":"0", "process_success":"5", "total":"5"}}
{"logTime": "0911/184237", "correlationVector":"IBPo5uDxhSVp1DMBMN8IaR.3","action":"ProcessGetUpdates", "result":"Done", "context":{"dataType":"History", "deleted":"0", "process_failed_to_decrypt":"0", "process_pending_decryption":"0", "process_success":"3", "total":"3"}}
{"logTime": "0911/184237", "correlationVector":"IBPo5uDxhSVp1DMBMN8IaR.4","action":"GetUpdates Response", "result":"Success", "context":Received 8 update(s). cV=IBPo5uDxhSVp1DMBMN8IaR.0;server=akswtt103000008;cloudType=Consumer;environment=Prod_francecentral_prod-s01-062-eur-francecentral;migrationStage=NotStarted}
{"logTime": "0911/185156", "correlationVector":"5bZ+avlsy9MefKODhZrsrV","action":"Normal GetUpdate request", "result":"", "context":cV=5bZ+avlsy9MefKODhZrsrV
Nudged types: Sessions}
{"logTime": "0911/185202", "correlationVector":"5bZ+avlsy9MefKODhZrsrV.1","action":"SyncServerConnectionManagerRequest", "result":"SYNC_SERVER_OK", "context":{"environment":"Prod_francecentral_prod-s01-062-eur-francecentral", "migrationStage":"NotStarted", "server":"akswtt10300000m"}}
{"logTime": "0911/185202", "correlationVector":"5bZ+avlsy9MefKODhZrsrV.2","action":"ProcessGetUpdates", "result":"Done", "context":{"dataType":"Sessions", "deleted":"0", "process_failed_to_decrypt":"0", "process_pending_decryption":"0", "process_success":"3", "total":"3"}}
{"logTime": "0911/185202", "correlationVector":"5bZ+avlsy9MefKODhZrsrV.3","action":"ProcessGetUpdates", "result":"Done", "context":{"dataType":"History", "deleted":"0", "process_failed_to_decrypt":"0", "process_pending_decryption":"0", "process_success":"1", "total":"1"}}
{"logTime": "0911/185202", "correlationVector":"5bZ+avlsy9MefKODhZrsrV.4","action":"GetUpdates Response", "result":"Success", "context":Received 4 update(s). cV=5bZ+avlsy9MefKODhZrsrV.0;server=akswtt10300000m;cloudType=Consumer;environment=Prod_francecentral_prod-s01-062-eur-francecentral;migrationStage=NotStarted}
{"logTime": "0911/185203", "correlationVector":"0DWNuC/0SCRhmQM60IqOX1","action":"Commit Request", "result":"", "context":Item count: 1
Contributing types: Sessions}
{"logTime": "0911/185204", "correlationVector":"0DWNuC/0SCRhmQM60IqOX1.1","action":"SyncServerConnectionManagerRequest", "result":"SYNC_SERVER_OK", "context":{"environment":"Prod_francecentral_prod-s01-062-eur-francecentral", "migrationStage":"NotStarted", "server":"akswtt10300001g"}}
{"logTime": "0911/185204", "correlationVector":"0DWNuC/0SCRhmQM60IqOX1.2","action":"Commit Response", "result":"Success", "context":Result: Success. cV=0DWNuC/0SCRhmQM60IqOX1.0;server=akswtt10300001g;cloudType=Consumer;environment=Prod_francecentral_prod-s01-062-eur-francecentral;migrationStage=NotStarted}
{"logTime": "0911/185304", "correlationVector":"l0DoK5FjQQKiCaxULjtQQZ","action":"Normal GetUpdate request", "result":"", "context":cV=l0DoK5FjQQKiCaxULjtQQZ
Nudged types: Sessions}
{"logTime": "0911/185307", "correlationVector":"l0DoK5FjQQKiCaxULjtQQZ.1","action":"SyncServerConnectionManagerRequest", "result":"SYNC_SERVER_OK", "context":{"environment":"Prod_francecentral_prod-s01-062-eur-francecentral", "migrationStage":"NotStarted", "server":"akswtt103000008"}}
{"logTime": "0911/185307", "correlationVector":"l0DoK5FjQQKiCaxULjtQQZ.2","action":"ProcessGetUpdates", "result":"Done", "context":{"dataType":"Sessions", "deleted":"0", "process_failed_to_decrypt":"0", "process_pending_decryption":"0", "process_success":"1", "total":"1"}}
{"logTime": "0911/185307", "correlationVector":"l0DoK5FjQQKiCaxULjtQQZ.3","action":"GetUpdates Response", "result":"Success", "context":Received 1 update(s). cV=l0DoK5FjQQKiCaxULjtQQZ.0;server=akswtt103000008;cloudType=Consumer;environment=Prod_francecentral_prod-s01-062-eur-francecentral;migrationStage=NotStarted}
{"logTime": "0911/185621", "correlationVector":"drRgdICw4QMLyK24Yn2CbS","action":"Normal GetUpdate request", "result":"", "context":cV=drRgdICw4QMLyK24Yn2CbS
Nudged types: Autofill Profiles}
{"logTime": "0911/185622", "correlationVector":"drRgdICw4QMLyK24Yn2CbS.1","action":"SyncServerConnectionManagerRequest", "result":"SYNC_SERVER_OK", "context":{"environment":"Prod_francecentral_prod-s01-062-eur-francecentral", "migrationStage":"NotStarted", "server":"akswtt10300000w"}}
{"logTime": "0911/185622", "correlationVector":"drRgdICw4QMLyK24Yn2CbS.2","action":"ProcessGetUpdates", "result":"Done", "context":{"dataType":"Sessions", "deleted":"0", "process_failed_to_decrypt":"0", "process_pending_decryption":"0", "process_success":"3", "total":"3"}}
{"logTime": "0911/185622", "correlationVector":"drRgdICw4QMLyK24Yn2CbS.3","action":"ProcessGetUpdates", "result":"Done", "context":{"dataType":"History", "deleted":"0", "process_failed_to_decrypt":"0", "process_pending_decryption":"0", "process_success":"4", "total":"4"}}
{"logTime": "0911/185622", "correlationVector":"drRgdICw4QMLyK24Yn2CbS.4","action":"GetUpdates Response", "result":"Success", "context":Received 7 update(s). cV=drRgdICw4QMLyK24Yn2CbS.0;server=akswtt10300000w;cloudType=Consumer;environment=Prod_francecentral_prod-s01-062-eur-francecentral;migrationStage=NotStarted}
{"logTime": "0911/185624", "correlationVector":"+PrE/x4nfKQ0DnFSsd8nw9","action":"Commit Request", "result":"", "context":Item count: 1
Contributing types: Autofill Profiles}
{"logTime": "0911/185625", "correlationVector":"+PrE/x4nfKQ0DnFSsd8nw9.1","action":"SyncServerConnectionManagerRequest", "result":"SYNC_SERVER_OK", "context":{"environment":"Prod_francecentral_prod-s01-062-eur-francecentral", "migrationStage":"NotStarted", "server":"akswtt10300000w"}}
{"logTime": "0911/185625", "correlationVector":"+PrE/x4nfKQ0DnFSsd8nw9.2","action":"Commit Response", "result":"Success", "context":Result: Success. cV=+PrE/x4nfKQ0DnFSsd8nw9.0;server=akswtt10300000w;cloudType=Consumer;environment=Prod_francecentral_prod-s01-062-eur-francecentral;migrationStage=NotStarted}
{"logTime": "0911/185625", "correlationVector":"o4+iBdL7xbqOnmUCFEcUkP","action":"Normal GetUpdate request", "result":"", "context":cV=o4+iBdL7xbqOnmUCFEcUkP
Nudged types: Autofill Profiles}
{"logTime": "0911/185626", "correlationVector":"o4+iBdL7xbqOnmUCFEcUkP.1","action":"SyncServerConnectionManagerRequest", "result":"SYNC_SERVER_OK", "context":{"environment":"Prod_francecentral_prod-s01-062-eur-francecentral", "migrationStage":"NotStarted", "server":"akswtt10300000d"}}
{"logTime": "0911/185626", "correlationVector":"o4+iBdL7xbqOnmUCFEcUkP.2","action":"ProcessGetUpdates", "result":"Done", "context":{"dataType":"Autofill Profiles", "deleted":"0", "process_failed_to_decrypt":"0", "process_pending_decryption":"0", "process_success":"1", "total":"1"}}
{"logTime": "0911/185626", "correlationVector":"o4+iBdL7xbqOnmUCFEcUkP.3","action":"GetUpdates Response", "result":"Success", "context":Received 1 update(s). cV=o4+iBdL7xbqOnmUCFEcUkP.0;server=akswtt10300000d;cloudType=Consumer;environment=Prod_francecentral_prod-s01-062-eur-francecentral;migrationStage=NotStarted}
{"logTime": "0911/185728", "correlationVector":"1t5JsSkQcPbH8Q2YyjTVI8","action":"Normal GetUpdate request", "result":"", "context":cV=1t5JsSkQcPbH8Q2YyjTVI8
Nudged types: Sessions}
{"logTime": "0911/185753", "correlationVector":"1t5JsSkQcPbH8Q2YyjTVI8.1","action":"SyncServerConnectionManagerRequest", "result":"SYNC_SERVER_OK", "context":{"environment":"Prod_francecentral_prod-s01-062-eur-francecentral", "migrationStage":"NotStarted", "server":"akswtt103000011"}}
{"logTime": "0911/185753", "correlationVector":"1t5JsSkQcPbH8Q2YyjTVI8.2","action":"ProcessGetUpdates", "result":"Done", "context":{"dataType":"Sessions", "deleted":"0", "process_failed_to_decrypt":"0", "process_pending_decryption":"0", "process_success":"1", "total":"1"}}
{"logTime": "0911/185753", "correlationVector":"1t5JsSkQcPbH8Q2YyjTVI8.3","action":"ProcessGetUpdates", "result":"Done", "context":{"dataType":"History", "deleted":"0", "process_failed_to_decrypt":"0", "process_pending_decryption":"0", "process_success":"3", "total":"3"}}
{"logTime": "0911/185753", "correlationVector":"1t5JsSkQcPbH8Q2YyjTVI8.4","action":"GetUpdates Response", "result":"Success", "context":Received 4 update(s). cV=1t5JsSkQcPbH8Q2YyjTVI8.0;server=akswtt103000011;cloudType=Consumer;environment=Prod_francecentral_prod-s01-062-eur-francecentral;migrationStage=NotStarted}
{"logTime": "0911/185754", "correlationVector":"OhO2xH5w2fDYEiDqMpdJdq","action":"Commit Request", "result":"", "context":Item count: 1
Contributing types: Sessions}
{"logTime": "0911/185805", "correlationVector":"OhO2xH5w2fDYEiDqMpdJdq.1","action":"SyncServerConnectionManagerRequest", "result":"SYNC_SERVER_OK", "context":{"environment":"Prod_francecentral_prod-s01-062-eur-francecentral", "migrationStage":"NotStarted", "server":"akswtt10300000f"}}
{"logTime": "0911/185805", "correlationVector":"OhO2xH5w2fDYEiDqMpdJdq.2","action":"Commit Response", "result":"Success", "context":Result: Success. cV=OhO2xH5w2fDYEiDqMpdJdq.0;server=akswtt10300000f;cloudType=Consumer;environment=Prod_francecentral_prod-s01-062-eur-francecentral;migrationStage=NotStarted}
{"logTime": "0911/185905", "correlationVector":"rIJwTXyWzeRiZZ8Ap/qEbi","action":"Normal GetUpdate request", "result":"", "context":cV=rIJwTXyWzeRiZZ8Ap/qEbi
Nudged types: Sessions}
{"logTime": "0911/185908", "correlationVector":"rIJwTXyWzeRiZZ8Ap/qEbi.1","action":"SyncServerConnectionManagerRequest", "result":"SYNC_SERVER_OK", "context":{"environment":"Prod_westeurope_prod-s01-079-eur-westeurope", "migrationStage":"NotStarted", "server":"akswtt10300000a"}}
{"logTime": "0911/185908", "correlationVector":"rIJwTXyWzeRiZZ8Ap/qEbi.2","action":"ProcessGetUpdates", "result":"Done", "context":{"dataType":"Sessions", "deleted":"0", "process_failed_to_decrypt":"0", "process_pending_decryption":"0", "process_success":"1", "total":"1"}}
{"logTime": "0911/185908", "correlationVector":"rIJwTXyWzeRiZZ8Ap/qEbi.3","action":"ProcessGetUpdates", "result":"Done", "context":{"dataType":"History", "deleted":"0", "process_failed_to_decrypt":"0", "process_pending_decryption":"0", "process_success":"1", "total":"1"}}
{"logTime": "0911/185908", "correlationVector":"rIJwTXyWzeRiZZ8Ap/qEbi.4","action":"GetUpdates Response", "result":"Success", "context":Received 2 update(s). cV=rIJwTXyWzeRiZZ8Ap/qEbi.0;server=akswtt10300000a;cloudType=Consumer;environment=Prod_westeurope_prod-s01-079-eur-westeurope;migrationStage=NotStarted}
{"logTime": "0911/192523", "correlationVector":"PxURWvYWtdM/JytBo2SkHI","action":"Normal GetUpdate request", "result":"", "context":cV=PxURWvYWtdM/JytBo2SkHI
Nudged types: Sessions}
{"logTime": "0911/192526", "correlationVector":"PxURWvYWtdM/JytBo2SkHI.1","action":"SyncServerConnectionManagerRequest", "result":"SYNC_SERVER_OK", "context":{"environment":"Prod_francecentral_prod-s01-062-eur-francecentral", "migrationStage":"NotStarted", "server":"akswtt103000001"}}
{"logTime": "0911/192526", "correlationVector":"PxURWvYWtdM/JytBo2SkHI.2","action":"ProcessGetUpdates", "result":"Done", "context":{"dataType":"Sessions", "deleted":"0", "process_failed_to_decrypt":"0", "process_pending_decryption":"0", "process_success":"1", "total":"1"}}
{"logTime": "0911/192526", "correlationVector":"PxURWvYWtdM/JytBo2SkHI.3","action":"GetUpdates Response", "result":"Success", "context":Received 1 update(s). cV=PxURWvYWtdM/JytBo2SkHI.0;server=akswtt103000001;cloudType=Consumer;environment=Prod_francecentral_prod-s01-062-eur-francecentral;migrationStage=NotStarted}
{"logTime": "0911/192528", "correlationVector":"I1HfEC9wABuGx+OEez2BqQ","action":"Commit Request", "result":"", "context":Item count: 1
Contributing types: Sessions}
{"logTime": "0911/192529", "correlationVector":"I1HfEC9wABuGx+OEez2BqQ.1","action":"SyncServerConnectionManagerRequest", "result":"SYNC_SERVER_OK", "context":{"environment":"Prod_francecentral_prod-s01-062-eur-francecentral", "migrationStage":"NotStarted", "server":"akswtt103000000"}}
{"logTime": "0911/192529", "correlationVector":"I1HfEC9wABuGx+OEez2BqQ.2","action":"Commit Response", "result":"Success", "context":Result: Success. cV=I1HfEC9wABuGx+OEez2BqQ.0;server=akswtt103000000;cloudType=Consumer;environment=Prod_francecentral_prod-s01-062-eur-francecentral;migrationStage=NotStarted}
{"logTime": "0911/192629", "correlationVector":"wu/dSj6s9+O2K8Oajjl1TG","action":"Normal GetUpdate request", "result":"", "context":cV=wu/dSj6s9+O2K8Oajjl1TG
Nudged types: Sessions}
{"logTime": "0911/192629", "correlationVector":"wu/dSj6s9+O2K8Oajjl1TG.1","action":"SyncServerConnectionManagerRequest", "result":"SYNC_SERVER_OK", "context":{"environment":"Prod_francecentral_prod-s01-062-eur-francecentral", "migrationStage":"NotStarted", "server":"akswtt103000007"}}
{"logTime": "0911/192629", "correlationVector":"wu/dSj6s9+O2K8Oajjl1TG.2","action":"ProcessGetUpdates", "result":"Done", "context":{"dataType":"Sessions", "deleted":"0", "process_failed_to_decrypt":"0", "process_pending_decryption":"0", "process_success":"1", "total":"1"}}
{"logTime": "0911/192629", "correlationVector":"wu/dSj6s9+O2K8Oajjl1TG.3","action":"GetUpdates Response", "result":"Success", "context":Received 1 update(s). cV=wu/dSj6s9+O2K8Oajjl1TG.0;server=akswtt103000007;cloudType=Consumer;environment=Prod_francecentral_prod-s01-062-eur-francecentral;migrationStage=NotStarted}
{"logTime": "0911/193554", "correlationVector":"ZyYG67SEMXHKmWkKJv9Z2A","action":"Normal GetUpdate request", "result":"", "context":cV=ZyYG67SEMXHKmWkKJv9Z2A
Nudged types: Sessions, History}
{"logTime": "0911/193555", "correlationVector":"ZyYG67SEMXHKmWkKJv9Z2A.1","action":"SyncServerConnectionManagerRequest", "result":"SYNC_SERVER_OK", "context":{"environment":"Prod_francecentral_prod-s01-062-eur-francecentral", "migrationStage":"NotStarted", "server":"akswtt10300000g"}}
{"logTime": "0911/193555", "correlationVector":"ZyYG67SEMXHKmWkKJv9Z2A.2","action":"GetUpdates Response", "result":"Success", "context":Received 0 update(s). cV=ZyYG67SEMXHKmWkKJv9Z2A.0;server=akswtt10300000g;cloudType=Consumer;environment=Prod_francecentral_prod-s01-062-eur-francecentral;migrationStage=NotStarted}
{"logTime": "0911/193555", "correlationVector":"9ZXi9me84RZ6JyE6K2Pl28","action":"Commit Request", "result":"", "context":Item count: 9
Contributing types: Sessions, History}
{"logTime": "0911/193556", "correlationVector":"9ZXi9me84RZ6JyE6K2Pl28.1","action":"SyncServerConnectionManagerRequest", "result":"SYNC_SERVER_OK", "context":{"environment":"Prod_francecentral_prod-s01-062-eur-francecentral", "migrationStage":"NotStarted", "server":"akswtt10300000l"}}
{"logTime": "0911/193556", "correlationVector":"9ZXi9me84RZ6JyE6K2Pl28.2","action":"Commit Response", "result":"Success", "context":Result: Success. cV=9ZXi9me84RZ6JyE6K2Pl28.0;server=akswtt10300000l;cloudType=Consumer;environment=Prod_francecentral_prod-s01-062-eur-francecentral;migrationStage=NotStarted}
{"logTime": "0911/193656", "correlationVector":"QhV8d93DIWkSlxhRkuAL0o","action":"Normal GetUpdate request", "result":"", "context":cV=QhV8d93DIWkSlxhRkuAL0o
Nudged types: Sessions, History}
{"logTime": "0911/193659", "correlationVector":"QhV8d93DIWkSlxhRkuAL0o.1","action":"SyncServerConnectionManagerRequest", "result":"SYNC_SERVER_OK", "context":{"environment":"Prod_francecentral_prod-s01-062-eur-francecentral", "migrationStage":"NotStarted", "server":"akswtt103000006"}}
{"logTime": "0911/193659", "correlationVector":"QhV8d93DIWkSlxhRkuAL0o.2","action":"ProcessGetUpdates", "result":"Done", "context":{"dataType":"Sessions", "deleted":"0", "process_failed_to_decrypt":"0", "process_pending_decryption":"0", "process_success":"2", "total":"2"}}
{"logTime": "0911/193659", "correlationVector":"QhV8d93DIWkSlxhRkuAL0o.3","action":"ProcessGetUpdates", "result":"Done", "context":{"dataType":"History", "deleted":"0", "process_failed_to_decrypt":"0", "process_pending_decryption":"0", "process_success":"8", "total":"8"}}
{"logTime": "0911/193659", "correlationVector":"QhV8d93DIWkSlxhRkuAL0o.4","action":"GetUpdates Response", "result":"Success", "context":Received 10 update(s). cV=QhV8d93DIWkSlxhRkuAL0o.0;server=akswtt103000006;cloudType=Consumer;environment=Prod_francecentral_prod-s01-062-eur-francecentral;migrationStage=NotStarted}
{"logTime": "0911/193700", "correlationVector":"a5j5Zie0Sz8gYZqMbpMpbQ","action":"Commit Request", "result":"", "context":Item count: 3
Contributing types: Sessions, History}
{"logTime": "0911/193700", "correlationVector":"a5j5Zie0Sz8gYZqMbpMpbQ.1","action":"SyncServerConnectionManagerRequest", "result":"SYNC_SERVER_OK", "context":{"environment":"Prod_francecentral_prod-s01-062-eur-francecentral", "migrationStage":"NotStarted", "server":"akswtt10300000m"}}
{"logTime": "0911/193700", "correlationVector":"a5j5Zie0Sz8gYZqMbpMpbQ.2","action":"Commit Response", "result":"Success", "context":Result: Success. cV=a5j5Zie0Sz8gYZqMbpMpbQ.0;server=akswtt10300000m;cloudType=Consumer;environment=Prod_francecentral_prod-s01-062-eur-francecentral;migrationStage=NotStarted}
{"logTime": "0911/193800", "correlationVector":"9vIUIFYo79MZ48tjqUIdf6","action":"Normal GetUpdate request", "result":"", "context":cV=9vIUIFYo79MZ48tjqUIdf6
Nudged types: Sessions, History}
{"logTime": "0911/193801", "correlationVector":"9vIUIFYo79MZ48tjqUIdf6.1","action":"SyncServerConnectionManagerRequest", "result":"SYNC_SERVER_OK", "context":{"environment":"Prod_francecentral_prod-s01-062-eur-francecentral", "migrationStage":"NotStarted", "server":"akswtt103000011"}}
{"logTime": "0911/193801", "correlationVector":"9vIUIFYo79MZ48tjqUIdf6.2","action":"ProcessGetUpdates", "result":"Done", "context":{"dataType":"Sessions", "deleted":"0", "process_failed_to_decrypt":"0", "process_pending_decryption":"0", "process_success":"1", "total":"1"}}
{"logTime": "0911/193801", "correlationVector":"9vIUIFYo79MZ48tjqUIdf6.3","action":"ProcessGetUpdates", "result":"Done", "context":{"dataType":"History", "deleted":"0", "process_failed_to_decrypt":"0", "process_pending_decryption":"0", "process_success":"2", "total":"2"}}
{"logTime": "0911/193801", "correlationVector":"9vIUIFYo79MZ48tjqUIdf6.4","action":"GetUpdates Response", "result":"Success", "context":Received 3 update(s). cV=9vIUIFYo79MZ48tjqUIdf6.0;server=akswtt103000011;cloudType=Consumer;environment=Prod_francecentral_prod-s01-062-eur-francecentral;migrationStage=NotStarted}
{"logTime": "0911/193801", "correlationVector":"yo4Eb17CB+ceeqCHYpa4FI","action":"Commit Request", "result":"", "context":Item count: 4
Contributing types: Sessions, History}
{"logTime": "0911/193802", "correlationVector":"yo4Eb17CB+ceeqCHYpa4FI.1","action":"SyncServerConnectionManagerRequest", "result":"SYNC_SERVER_OK", "context":{"environment":"Prod_francecentral_prod-s01-062-eur-francecentral", "migrationStage":"NotStarted", "server":"akswtt10300000e"}}
{"logTime": "0911/193802", "correlationVector":"yo4Eb17CB+ceeqCHYpa4FI.2","action":"Commit Response", "result":"Success", "context":Result: Success. cV=yo4Eb17CB+ceeqCHYpa4FI.0;server=akswtt10300000e;cloudType=Consumer;environment=Prod_francecentral_prod-s01-062-eur-francecentral;migrationStage=NotStarted}
{"logTime": "0911/193902", "correlationVector":"+JeGKHTJfoI6SpyIsYPpfP","action":"Normal GetUpdate request", "result":"", "context":cV=+JeGKHTJfoI6SpyIsYPpfP
Nudged types: Sessions, History}
{"logTime": "0911/193902", "correlationVector":"+JeGKHTJfoI6SpyIsYPpfP.1","action":"SyncServerConnectionManagerRequest", "result":"SYNC_SERVER_OK", "context":{"environment":"Prod_francecentral_prod-s01-062-eur-francecentral", "migrationStage":"NotStarted", "server":"akswtt10300000z"}}
{"logTime": "0911/193902", "correlationVector":"+JeGKHTJfoI6SpyIsYPpfP.2","action":"ProcessGetUpdates", "result":"Done", "context":{"dataType":"Sessions", "deleted":"0", "process_failed_to_decrypt":"0", "process_pending_decryption":"0", "process_success":"1", "total":"1"}}
{"logTime": "0911/193902", "correlationVector":"+JeGKHTJfoI6SpyIsYPpfP.3","action":"ProcessGetUpdates", "result":"Done", "context":{"dataType":"History", "deleted":"0", "process_failed_to_decrypt":"0", "process_pending_decryption":"0", "process_success":"3", "total":"3"}}
{"logTime": "0911/193902", "correlationVector":"+JeGKHTJfoI6SpyIsYPpfP.4","action":"GetUpdates Response", "result":"Success", "context":Received 4 update(s). cV=+JeGKHTJfoI6SpyIsYPpfP.0;server=akswtt10300000z;cloudType=Consumer;environment=Prod_francecentral_prod-s01-062-eur-francecentral;migrationStage=NotStarted}
{"logTime": "0911/193903", "correlationVector":"6jCKNXmLYa/7rxMEk5reE5","action":"Commit Request", "result":"", "context":Item count: 6
Contributing types: Sessions, History}
{"logTime": "0911/193904", "correlationVector":"6jCKNXmLYa/7rxMEk5reE5.1","action":"SyncServerConnectionManagerRequest", "result":"SYNC_SERVER_OK", "context":{"environment":"Prod_francecentral_prod-s01-062-eur-francecentral", "migrationStage":"NotStarted", "server":"akswtt10300001c"}}
{"logTime": "0911/193904", "correlationVector":"6jCKNXmLYa/7rxMEk5reE5.2","action":"Commit Response", "result":"Success", "context":Result: Success. cV=6jCKNXmLYa/7rxMEk5reE5.0;server=akswtt10300001c;cloudType=Consumer;environment=Prod_francecentral_prod-s01-062-eur-francecentral;migrationStage=NotStarted}
{"logTime": "0911/194004", "correlationVector":"A/h9e5N+zT19lNKl1Z1MCQ","action":"Normal GetUpdate request", "result":"", "context":cV=A/h9e5N+zT19lNKl1Z1MCQ
Nudged types: Sessions, History}
{"logTime": "0911/194004", "correlationVector":"A/h9e5N+zT19lNKl1Z1MCQ.1","action":"SyncServerConnectionManagerRequest", "result":"SYNC_SERVER_OK", "context":{"environment":"Prod_francecentral_prod-s01-062-eur-francecentral", "migrationStage":"NotStarted", "server":"akswtt10300000a"}}
{"logTime": "0911/194004", "correlationVector":"A/h9e5N+zT19lNKl1Z1MCQ.2","action":"ProcessGetUpdates", "result":"Done", "context":{"dataType":"Sessions", "deleted":"0", "process_failed_to_decrypt":"0", "process_pending_decryption":"0", "process_success":"1", "total":"1"}}
{"logTime": "0911/194004", "correlationVector":"A/h9e5N+zT19lNKl1Z1MCQ.3","action":"ProcessGetUpdates", "result":"Done", "context":{"dataType":"History", "deleted":"0", "process_failed_to_decrypt":"0", "process_pending_decryption":"0", "process_success":"5", "total":"5"}}
{"logTime": "0911/194004", "correlationVector":"A/h9e5N+zT19lNKl1Z1MCQ.4","action":"GetUpdates Response", "result":"Success", "context":Received 6 update(s). cV=A/h9e5N+zT19lNKl1Z1MCQ.0;server=akswtt10300000a;cloudType=Consumer;environment=Prod_francecentral_prod-s01-062-eur-francecentral;migrationStage=NotStarted}
{"logTime": "0911/194743", "correlationVector":"QmgeY7DAotFjf765nABerZ","action":"Normal GetUpdate request", "result":"", "context":cV=QmgeY7DAotFjf765nABerZ
Nudged types: Sessions}
{"logTime": "0911/194744", "correlationVector":"QmgeY7DAotFjf765nABerZ.1","action":"SyncServerConnectionManagerRequest", "result":"SYNC_SERVER_OK", "context":{"environment":"Prod_francecentral_prod-s01-062-eur-francecentral", "migrationStage":"NotStarted", "server":"akswtt10300000u"}}
{"logTime": "0911/194744", "correlationVector":"QmgeY7DAotFjf765nABerZ.2","action":"GetUpdates Response", "result":"Success", "context":Received 0 update(s). cV=QmgeY7DAotFjf765nABerZ.0;server=akswtt10300000u;cloudType=Consumer;environment=Prod_francecentral_prod-s01-062-eur-francecentral;migrationStage=NotStarted}
{"logTime": "0911/194745", "correlationVector":"35Z9R5PHxvFx0DdxrZREbj","action":"Commit Request", "result":"", "context":Item count: 1
Contributing types: Sessions}
{"logTime": "0911/194745", "correlationVector":"35Z9R5PHxvFx0DdxrZREbj.1","action":"SyncServerConnectionManagerRequest", "result":"SYNC_SERVER_OK", "context":{"environment":"Prod_francecentral_prod-s01-062-eur-francecentral", "migrationStage":"NotStarted", "server":"akswtt10300001c"}}
{"logTime": "0911/194745", "correlationVector":"35Z9R5PHxvFx0DdxrZREbj.2","action":"Commit Response", "result":"Success", "context":Result: Success. cV=35Z9R5PHxvFx0DdxrZREbj.0;server=akswtt10300001c;cloudType=Consumer;environment=Prod_francecentral_prod-s01-062-eur-francecentral;migrationStage=NotStarted}
{"logTime": "0911/194845", "correlationVector":"z89aVttP8HPS+XlwGjg56M","action":"Normal GetUpdate request", "result":"", "context":cV=z89aVttP8HPS+XlwGjg56M
Nudged types: Sessions}
{"logTime": "0911/194845", "correlationVector":"z89aVttP8HPS+XlwGjg56M.1","action":"SyncServerConnectionManagerRequest", "result":"SYNC_SERVER_OK", "context":{"environment":"Prod_francecentral_prod-s01-062-eur-francecentral", "migrationStage":"NotStarted", "server":"akswtt103000007"}}
{"logTime": "0911/194845", "correlationVector":"z89aVttP8HPS+XlwGjg56M.2","action":"ProcessGetUpdates", "result":"Done", "context":{"dataType":"Sessions", "deleted":"0", "process_failed_to_decrypt":"0", "process_pending_decryption":"0", "process_success":"2", "total":"2"}}
{"logTime": "0911/194845", "correlationVector":"z89aVttP8HPS+XlwGjg56M.3","action":"GetUpdates Response", "result":"Success", "context":Received 2 update(s). cV=z89aVttP8HPS+XlwGjg56M.0;server=akswtt103000007;cloudType=Consumer;environment=Prod_francecentral_prod-s01-062-eur-francecentral;migrationStage=NotStarted}
{"logTime": "0911/200855", "correlationVector":"TLP1q07T4AclVcmVvcXIPE","action":"Normal GetUpdate request", "result":"", "context":cV=TLP1q07T4AclVcmVvcXIPE
Nudged types: Sessions, History}
{"logTime": "0911/200857", "correlationVector":"TLP1q07T4AclVcmVvcXIPE.1","action":"SyncServerConnectionManagerRequest", "result":"SYNC_SERVER_OK", "context":{"environment":"Prod_francecentral_prod-s01-062-eur-francecentral", "migrationStage":"NotStarted", "server":"akswtt10300000a"}}
{"logTime": "0911/200857", "correlationVector":"TLP1q07T4AclVcmVvcXIPE.2","action":"GetUpdates Response", "result":"Success", "context":Received 0 update(s). cV=TLP1q07T4AclVcmVvcXIPE.0;server=akswtt10300000a;cloudType=Consumer;environment=Prod_francecentral_prod-s01-062-eur-francecentral;migrationStage=NotStarted}
{"logTime": "0911/200859", "correlationVector":"GOoi9S6vmioEq0aaQI0CbM","action":"Commit Request", "result":"", "context":Item count: 8
Contributing types: Sessions, History}
{"logTime": "0911/200900", "correlationVector":"GOoi9S6vmioEq0aaQI0CbM.1","action":"SyncServerConnectionManagerRequest", "result":"SYNC_SERVER_OK", "context":{"environment":"Prod_francecentral_prod-s01-062-eur-francecentral", "migrationStage":"NotStarted", "server":"akswtt103000001"}}
{"logTime": "0911/200900", "correlationVector":"GOoi9S6vmioEq0aaQI0CbM.2","action":"Commit Response", "result":"Success", "context":Result: Success. cV=GOoi9S6vmioEq0aaQI0CbM.0;server=akswtt103000001;cloudType=Consumer;environment=Prod_francecentral_prod-s01-062-eur-francecentral;migrationStage=NotStarted}
{"logTime": "0911/201000", "correlationVector":"G0t1BWNp+FZjsOvmx/+QiQ","action":"Normal GetUpdate request", "result":"", "context":cV=G0t1BWNp+FZjsOvmx/+QiQ
Nudged types: Sessions, History}
{"logTime": "0911/201003", "correlationVector":"G0t1BWNp+FZjsOvmx/+QiQ.1","action":"SyncServerConnectionManagerRequest", "result":"SYNC_SERVER_OK", "context":{"environment":"Prod_francecentral_prod-s01-062-eur-francecentral", "migrationStage":"NotStarted", "server":"akswtt10300001f"}}
{"logTime": "0911/201003", "correlationVector":"G0t1BWNp+FZjsOvmx/+QiQ.2","action":"ProcessGetUpdates", "result":"Done", "context":{"dataType":"Sessions", "deleted":"0", "process_failed_to_decrypt":"0", "process_pending_decryption":"0", "process_success":"2", "total":"2"}}
{"logTime": "0911/201003", "correlationVector":"G0t1BWNp+FZjsOvmx/+QiQ.3","action":"ProcessGetUpdates", "result":"Done", "context":{"dataType":"History", "deleted":"0", "process_failed_to_decrypt":"0", "process_pending_decryption":"0", "process_success":"6", "total":"6"}}
{"logTime": "0911/201003", "correlationVector":"G0t1BWNp+FZjsOvmx/+QiQ.4","action":"GetUpdates Response", "result":"Success", "context":Received 8 update(s). cV=G0t1BWNp+FZjsOvmx/+QiQ.0;server=akswtt10300001f;cloudType=Consumer;environment=Prod_francecentral_prod-s01-062-eur-francecentral;migrationStage=NotStarted}
{"logTime": "0911/201003", "correlationVector":"5cd/6rmTkpULCfI5bJPSTy","action":"Commit Request", "result":"", "context":Item count: 3
Contributing types: Sessions, History}
{"logTime": "0911/201004", "correlationVector":"5cd/6rmTkpULCfI5bJPSTy.1","action":"SyncServerConnectionManagerRequest", "result":"SYNC_SERVER_OK", "context":{"environment":"Prod_francecentral_prod-s01-062-eur-francecentral", "migrationStage":"NotStarted", "server":"akswtt10300000i"}}
{"logTime": "0911/201004", "correlationVector":"5cd/6rmTkpULCfI5bJPSTy.2","action":"Commit Response", "result":"Success", "context":Result: Success. cV=5cd/6rmTkpULCfI5bJPSTy.0;server=akswtt10300000i;cloudType=Consumer;environment=Prod_francecentral_prod-s01-062-eur-francecentral;migrationStage=NotStarted}
{"logTime": "0911/201104", "correlationVector":"pMozWkmI8Amdbi1x7QRoW3","action":"Normal GetUpdate request", "result":"", "context":cV=pMozWkmI8Amdbi1x7QRoW3
Nudged types: Sessions, History}
{"logTime": "0911/201104", "correlationVector":"pMozWkmI8Amdbi1x7QRoW3.1","action":"SyncServerConnectionManagerRequest", "result":"SYNC_SERVER_OK", "context":{"environment":"Prod_francecentral_prod-s01-062-eur-francecentral", "migrationStage":"NotStarted", "server":"akswtt103000011"}}
{"logTime": "0911/201104", "correlationVector":"pMozWkmI8Amdbi1x7QRoW3.2","action":"ProcessGetUpdates", "result":"Done", "context":{"dataType":"Sessions", "deleted":"0", "process_failed_to_decrypt":"0", "process_pending_decryption":"0", "process_success":"1", "total":"1"}}
{"logTime": "0911/201104", "correlationVector":"pMozWkmI8Amdbi1x7QRoW3.3","action":"ProcessGetUpdates", "result":"Done", "context":{"dataType":"History", "deleted":"0", "process_failed_to_decrypt":"0", "process_pending_decryption":"0", "process_success":"2", "total":"2"}}
{"logTime": "0911/201104", "correlationVector":"pMozWkmI8Amdbi1x7QRoW3.4","action":"GetUpdates Response", "result":"Success", "context":Received 3 update(s). cV=pMozWkmI8Amdbi1x7QRoW3.0;server=akswtt103000011;cloudType=Consumer;environment=Prod_francecentral_prod-s01-062-eur-francecentral;migrationStage=NotStarted}
{"logTime": "0911/201105", "correlationVector":"2g0iQ+pyIIq3BWLjlesgR7","action":"Commit Request", "result":"", "context":Item count: 3
Contributing types: Sessions, History}
{"logTime": "0911/201105", "correlationVector":"2g0iQ+pyIIq3BWLjlesgR7.1","action":"SyncServerConnectionManagerRequest", "result":"SYNC_SERVER_OK", "context":{"environment":"Prod_francecentral_prod-s01-062-eur-francecentral", "migrationStage":"NotStarted", "server":"akswtt103000006"}}
{"logTime": "0911/201105", "correlationVector":"2g0iQ+pyIIq3BWLjlesgR7.2","action":"Commit Response", "result":"Success", "context":Result: Success. cV=2g0iQ+pyIIq3BWLjlesgR7.0;server=akswtt103000006;cloudType=Consumer;environment=Prod_francecentral_prod-s01-062-eur-francecentral;migrationStage=NotStarted}
