2025-09-03 16:24:32.910: [INFO][Sync] SyncState after authenticated was: FeatureCanStart
2025-09-03 16:24:43.085: [INFO][Sync] Try to start sync engine
2025-09-03 16:24:43.132: [INFO][SyncAuthManager::SetLastAuthError] Current auth error: None
2025-09-03 16:24:43.132: [INFO][SyncAuthManager::EdgeLogTokenErrorState] Token error with: None for account type: MSA
2025-09-03 16:24:43.132: [INFO][Sync] Credentials changed for: EdgeSyncScopeNew
2025-09-03 16:24:43.146: [INFO][SyncManagerImpl::NudgeForInitialDownload] Initial download nudge for Encryption Keys
2025-09-03 16:24:43.146: [INFO][SyncEngineBackend::LoadAndConnectNigoriController] Load and connect Nigori controller
2025-09-03 16:24:43.146: [INFO][SyncEngineBackend::DoInitialize] Control Types added: Encryption Keys
2025-09-03 16:24:43.146: [INFO][SyncManagerImpl::ConfigureSyncer] Types to download: Encryption Keys with reason: 3
2025-09-03 16:24:43.146: [INFO][SyncSchedulerImpl::DoConfigurationSyncCycleJob] Configure job was blocked
2025-09-03 16:24:45.700: [INFO][SyncAuthManager::SetLastAuthError] Current auth error: None
2025-09-03 16:24:45.700: [INFO][SyncAuthManager::EdgeLogTokenErrorState] Token error with: None for account type: MSA
2025-09-03 16:24:45.700: [INFO][Sync] Credentials changed for: EdgeSyncKeyDataScope
2025-09-03 16:24:45.700: [INFO][SyncEngineBackend::DoUpdateKeyDataCredentials] Update key data credentials
2025-09-03 16:24:45.701: [INFO][SyncEngineBackend::DoUpdateCredentials] Update credentials
2025-09-03 16:24:45.701: [INFO][SyncSchedulerImpl::DoConfigurationSyncCycleJob] Blocked types:  and types to download: Encryption Keys
2025-09-03 16:24:52.402: [INFO][Sync] Started DataTypeManager configuration, reason: 4
2025-09-03 16:24:52.402: [INFO][Sync] Configuring for: Bookmarks, Preferences, Passwords, Autofill Profiles, Autofill, Extensions, Sessions, Extension settings, History Delete Directives, Device Info, User Consents, Send Tab To Self, Web Apps, History, Saved Tab Group, WebAuthn Credentials, Collection, Edge E Drop, Edge Hub App Usage, Edge Wallet, Encryption Keys, reason: 4, current state: 0
2025-09-03 16:24:52.402: [WARN][Sync] Crypto error data types: Passwords, Autofill Profiles, Autofill
2025-09-03 16:24:52.404: [INFO][Sync] Configure, desired: Bookmarks, Preferences, Extensions, Sessions, Extension settings, History Delete Directives, Device Info, User Consents, Send Tab To Self, Web Apps, History, Saved Tab Group, WebAuthn Credentials, Collection, Edge E Drop, Edge Hub App Usage, Edge Wallet, Encryption Keys; Allow fail: Passwords, Autofill Profiles, Autofill
2025-09-03 16:24:52.404: [INFO][Sync] Loading: Bookmarks
2025-09-03 16:24:52.404: [INFO][Sync] Loading: Preferences
2025-09-03 16:24:52.404: [INFO][Sync] Loading: Extensions
2025-09-03 16:24:52.404: [INFO][Sync] Loading: Sessions
2025-09-03 16:24:52.404: [INFO][Sync] Loading: Extension settings
2025-09-03 16:24:52.404: [INFO][Sync] Loading: History Delete Directives
2025-09-03 16:24:52.405: [INFO][Sync] Loading: Device Info
2025-09-03 16:24:52.405: [INFO][Sync] Loading: User Consents
2025-09-03 16:24:52.405: [INFO][Sync] Loading: Send Tab To Self
2025-09-03 16:24:52.405: [INFO][Sync] Loading: Web Apps
2025-09-03 16:24:52.405: [INFO][Sync] Loading: History
2025-09-03 16:24:52.405: [INFO][Sync] Loading: Saved Tab Group
2025-09-03 16:24:52.405: [INFO][Sync] Loading: WebAuthn Credentials
2025-09-03 16:24:52.405: [INFO][Sync] Loading: Collection
2025-09-03 16:24:52.405: [INFO][Sync] Loading: Edge E Drop
2025-09-03 16:24:52.405: [INFO][Sync] Loading: Edge Hub App Usage
2025-09-03 16:24:52.405: [INFO][Sync] Loading: Edge Wallet
2025-09-03 16:24:52.415: [INFO][Sync] All data types are ready for configure.
2025-09-03 16:24:58.700: [INFO][Sync] Started DataTypeManager configuration, reason: 5
2025-09-03 16:24:58.700: [INFO][Sync] Configuring for: Bookmarks, Preferences, Passwords, Autofill Profiles, Autofill, Extensions, Sessions, Extension settings, History Delete Directives, Device Info, User Consents, Send Tab To Self, Web Apps, History, Saved Tab Group, WebAuthn Credentials, Collection, Edge E Drop, Edge Hub App Usage, Edge Wallet, Encryption Keys, reason: 5, current state: 1
2025-09-03 16:24:58.712: [INFO][SyncEngineBackend::DoStartConfiguration] Start configuration
2025-09-03 16:24:58.712: [INFO][SyncManagerImpl::NudgeForInitialDownload] Initial download nudge for Preferences
2025-09-03 16:24:58.712: [INFO][SyncManagerImpl::NudgeForInitialDownload] Initial download nudge for Extensions
2025-09-03 16:24:58.712: [INFO][SyncManagerImpl::NudgeForInitialDownload] Initial download nudge for Sessions
2025-09-03 16:24:58.712: [INFO][SyncManagerImpl::NudgeForInitialDownload] Initial download nudge for Extension settings
2025-09-03 16:24:58.713: [INFO][SyncManagerImpl::NudgeForInitialDownload] Initial download nudge for History Delete Directives
2025-09-03 16:24:58.713: [INFO][SyncManagerImpl::NudgeForInitialDownload] Initial download nudge for Device Info
2025-09-03 16:24:58.713: [INFO][SyncManagerImpl::NudgeForInitialDownload] Initial download nudge for Send Tab To Self
2025-09-03 16:24:58.713: [INFO][SyncManagerImpl::NudgeForInitialDownload] Initial download nudge for Web Apps
2025-09-03 16:24:58.713: [INFO][SyncManagerImpl::NudgeForInitialDownload] Initial download nudge for Saved Tab Group
2025-09-03 16:24:58.713: [INFO][SyncManagerImpl::NudgeForInitialDownload] Initial download nudge for WebAuthn Credentials
2025-09-03 16:24:58.713: [INFO][SyncManagerImpl::NudgeForInitialDownload] Initial download nudge for Collection
2025-09-03 16:24:58.713: [INFO][SyncManagerImpl::NudgeForInitialDownload] Initial download nudge for Edge E Drop
2025-09-03 16:24:58.713: [INFO][SyncManagerImpl::NudgeForInitialDownload] Initial download nudge for Edge Hub App Usage
2025-09-03 16:24:58.713: [INFO][SyncManagerImpl::NudgeForInitialDownload] Initial download nudge for Edge Wallet
2025-09-03 16:24:58.713: [INFO][SyncManagerImpl::ConfigureSyncer] Types to download:  with reason: 4
2025-09-03 16:24:58.713: [INFO][SyncEngineBackend::DoFinishConfigureDataTypes] Failed to download types:  and succeeded types: 
2025-09-03 16:24:58.713: [INFO][Sync] ConfigurationDone, failed: , succeeded: , remaining count: 4
2025-09-03 16:24:58.713: [WARN][Sync]     Reconfigure requested while configuration ongoing.
2025-09-03 16:24:58.713: [INFO][Sync] Configuring for: Bookmarks, Preferences, Passwords, Autofill Profiles, Autofill, Extensions, Sessions, Extension settings, History Delete Directives, Device Info, User Consents, Send Tab To Self, Web Apps, History, Saved Tab Group, WebAuthn Credentials, Collection, Edge E Drop, Edge Hub App Usage, Edge Wallet, Encryption Keys, reason: 5, current state: 2
2025-09-03 16:24:58.713: [INFO][Sync] Configure, desired: Bookmarks, Preferences, Passwords, Autofill Profiles, Autofill, Extensions, Sessions, Extension settings, History Delete Directives, Device Info, User Consents, Send Tab To Self, Web Apps, History, Saved Tab Group, WebAuthn Credentials, Collection, Edge E Drop, Edge Hub App Usage, Edge Wallet, Encryption Keys; Allow fail: 
2025-09-03 16:24:58.713: [INFO][Sync] Loading: Passwords
2025-09-03 16:24:58.713: [INFO][Sync] Loading: Autofill Profiles
2025-09-03 16:24:58.713: [INFO][Sync] Loading: Autofill
2025-09-03 16:24:58.713: [INFO][Sync] All data types are ready for configure.
2025-09-03 16:24:58.713: [INFO][SyncManagerImpl::NudgeForInitialDownload] Initial download nudge for Passwords
2025-09-03 16:24:58.713: [INFO][SyncManagerImpl::NudgeForInitialDownload] Initial download nudge for Autofill Profiles
2025-09-03 16:24:58.713: [INFO][SyncManagerImpl::NudgeForInitialDownload] Initial download nudge for Autofill
2025-09-03 16:24:58.713: [INFO][SyncManagerImpl::ConfigureSyncer] Types to download:  with reason: 5
2025-09-03 16:24:58.713: [INFO][SyncEngineBackend::DoFinishConfigureDataTypes] Failed to download types:  and succeeded types: 
2025-09-03 16:24:58.713: [INFO][Sync] ConfigurationDone, failed: , succeeded: , remaining count: 4
2025-09-03 16:24:58.713: [INFO][Sync] Prepare to configure types: Preferences, Passwords, Device Info, Send Tab To Self, Edge E Drop, Encryption Keys
2025-09-03 16:24:58.713: [INFO][SyncManagerImpl::ConfigureSyncer] Types to download: Preferences, Passwords, Device Info, Send Tab To Self, Edge E Drop, Encryption Keys with reason: 5
2025-09-03 16:24:58.714: [INFO][SyncSchedulerImpl::DoConfigurationSyncCycleJob] Blocked types:  and types to download: Preferences, Passwords, Device Info, Send Tab To Self, Edge E Drop, Encryption Keys
2025-09-03 16:25:08.466: [INFO][SyncEngineBackend::DoFinishConfigureDataTypes] Failed to download types:  and succeeded types: Preferences, Passwords, Device Info, Send Tab To Self, Edge E Drop, Encryption Keys
2025-09-03 16:25:08.468: [INFO][Sync] ConfigurationDone, failed: , succeeded: Preferences, Passwords, Device Info, Send Tab To Self, Edge E Drop, Encryption Keys, remaining count: 3
2025-09-03 16:25:08.469: [INFO][SyncManagerImpl::ConfigureSyncer] Types to download:  with reason: 5
2025-09-03 16:25:08.469: [INFO][SyncEngineBackend::DoFinishConfigureDataTypes] Failed to download types:  and succeeded types: 
2025-09-03 16:25:08.469: [INFO][Sync] ConfigurationDone, failed: , succeeded: , remaining count: 2
2025-09-03 16:25:08.469: [INFO][Sync] Prepare to configure types: Autofill Profiles, Autofill, Extensions, Sessions, Extension settings, History Delete Directives, Web Apps, Saved Tab Group, WebAuthn Credentials, Collection, Edge Hub App Usage, Edge Wallet, Encryption Keys
2025-09-03 16:25:08.477: [INFO][SyncManagerImpl::ConfigureSyncer] Types to download: Autofill Profiles, Autofill, Extensions, Sessions, Extension settings, History Delete Directives, Web Apps, Saved Tab Group, WebAuthn Credentials, Collection, Edge Hub App Usage, Edge Wallet, Encryption Keys with reason: 5
2025-09-03 16:25:08.477: [INFO][SyncSchedulerImpl::DoConfigurationSyncCycleJob] Blocked types:  and types to download: Autofill Profiles, Autofill, Extensions, Sessions, Extension settings, History Delete Directives, Web Apps, Saved Tab Group, WebAuthn Credentials, Collection, Edge Hub App Usage, Edge Wallet, Encryption Keys
2025-09-03 16:25:10.402: [INFO][SyncEngineBackend::DoFinishConfigureDataTypes] Failed to download types:  and succeeded types: Autofill Profiles, Autofill, Extensions, Sessions, Extension settings, History Delete Directives, Web Apps, Saved Tab Group, WebAuthn Credentials, Collection, Edge Hub App Usage, Edge Wallet, Encryption Keys
2025-09-03 16:25:10.402: [INFO][Sync] ConfigurationDone, failed: , succeeded: Autofill Profiles, Autofill, Extensions, Sessions, Extension settings, History Delete Directives, Web Apps, Saved Tab Group, WebAuthn Credentials, Collection, Edge Hub App Usage, Edge Wallet, Encryption Keys, remaining count: 1
2025-09-03 16:25:10.412: [INFO][SyncManagerImpl::ConfigureSyncer] Types to download:  with reason: 5
2025-09-03 16:25:10.412: [INFO][SyncEngineBackend::DoFinishConfigureDataTypes] Failed to download types:  and succeeded types: 
2025-09-03 16:25:10.412: [INFO][Sync] ConfigurationDone, failed: , succeeded: , remaining count: 0
2025-09-03 16:25:10.413: [INFO][Sync]     Configuration completed, state: 7
2025-09-03 16:25:10.414: [INFO][Sync] Configured DataTypeManager: Ok
2025-09-03 16:25:10.428: [INFO][SyncEngineBackend::DoStartSyncing] Start syncing
2025-09-03 16:38:29.286: [INFO][SyncSchedulerImpl::OnSyncNetworkError] Syncer error: Network error (ERR_CONNECTION_RESET)
2025-09-03 16:38:29.286: [INFO][SyncSchedulerImpl::DoNudgeSyncCycleJob] Syncer error: Network error (ERR_CONNECTION_RESET)
2025-09-03 16:38:29.290: [WARN][Sync] NetworkError: Network error (ERR_CONNECTION_RESET)
2025-09-03 16:43:15.800: [INFO][SyncSchedulerImpl::OnSyncNetworkError] Syncer error: Network error (ERR_TIMED_OUT)
2025-09-03 16:43:15.809: [INFO][SyncSchedulerImpl::DoNudgeSyncCycleJob] Syncer error: Network error (ERR_TIMED_OUT)
2025-09-03 16:43:15.812: [WARN][Sync] NetworkError: Network error (ERR_TIMED_OUT)
2025-09-03 16:55:59.723: [INFO][Sync] Reset engine, reason: 0
2025-09-03 16:55:59.723: [INFO][Sync] Reset engine with reason: 0
